#
# There is insufficient memory for the Java Runtime Environment to continue.
# Native memory allocation (mmap) failed to map 50855936 bytes for committing reserved memory.
# Possible reasons:
#   The system is out of physical RAM or swap space
#   In 32 bit mode, the process size limit was hit
# Possible solutions:
#   Reduce memory load on the system
#   Increase physical memory or swap space
#   Check if swap backing store is full
#   Use 64 bit Java on a 64 bit OS
#   Decrease Java heap size (-Xmx/-Xms)
#   Decrease number of Java threads
#   Decrease Java thread stack sizes (-Xss)
#   Set larger code cache with -XX:ReservedCodeCacheSize=
# This output file may be truncated or incomplete.
#
#  Out of Memory Error (os_linux.cpp:2640), pid=4282, tid=0x00007f06f5cfc700
#
# JRE version: OpenJDK Runtime Environment (8.0_152-b01) (build 1.8.0_152-release-915-b01)
# Java VM: OpenJDK 64-Bit Server VM (25.152-b01 mixed mode linux-amd64 compressed oops)
# Failed to write core dump. Core dumps have been disabled. To enable core dumping, try "ulimit -c unlimited" before starting Java again
#

---------------  T H R E A D  ---------------

Current thread (0x00007f0708074000):  VMThread [stack: 0x00007f06f5bfc000,0x00007f06f5cfd000] [id=4288]

Stack: [0x00007f06f5bfc000,0x00007f06f5cfd000],  sp=0x00007f06f5cfb4d0,  free space=1021k
Native frames: (J=compiled Java code, j=interpreted, Vv=VM code, C=native code)
V  [libjvm.so+0x9eb15d]  VMError::report_and_die()+0x15d
V  [libjvm.so+0x4b8eaa]  report_vm_out_of_memory(char const*, int, unsigned long, VMErrorType, char const*)+0x8a
V  [libjvm.so+0x851370]  os::pd_commit_memory(char*, unsigned long, unsigned long, bool)+0xf0
V  [libjvm.so+0x84be8f]  os::commit_memory(char*, unsigned long, unsigned long, bool)+0x1f
V  [libjvm.so+0x8c261b]  PSVirtualSpace::expand_by(unsigned long)+0x5b
V  [libjvm.so+0x8b33fb]  PSOldGen::expand_by(unsigned long) [clone .part.109]+0x1b
V  [libjvm.so+0x8b35bb]  PSOldGen::expand(unsigned long) [clone .part.111]+0xdb
V  [libjvm.so+0x8b3e98]  PSOldGen::resize(unsigned long)+0x188
V  [libjvm.so+0x8b94ac]  PSParallelCompact::invoke_no_policy(bool)+0x97c
V  [libjvm.so+0x8c05bd]  PSScavenge::invoke()+0x17d
V  [libjvm.so+0x8748f3]  ParallelScavengeHeap::failed_mem_allocate(unsigned long)+0x63
V  [libjvm.so+0x9ecc84]  VM_ParallelGCFailedAllocation::doit()+0x84
V  [libjvm.so+0x9f1197]  VM_Operation::evaluate()+0x47
V  [libjvm.so+0x9efb78]  VMThread::evaluate_operation(VM_Operation*)+0x2c8
V  [libjvm.so+0x9efff9]  VMThread::loop()+0x219
V  [libjvm.so+0x9f0442]  VMThread::run()+0x72
V  [libjvm.so+0x84e792]  java_start(Thread*)+0xf2

VM_Operation (0x00007f06bb1e7160): ParallelGCFailedAllocation, mode: safepoint, requested by thread 0x00007f06e0055000


---------------  P R O C E S S  ---------------

Java Threads: ( => current thread )
  0x00007f06e0056000 JavaThread "ForkJoinPool.commonPool-worker-0" daemon [_thread_blocked, id=4393, stack(0x00007f06bb9fe000,0x00007f06bbaff000)]
  0x00007f06e0055000 JavaThread "ForkJoinPool.commonPool-worker-1" daemon [_thread_blocked, id=4392, stack(0x00007f06bb0e8000,0x00007f06bb1e9000)]
  0x00007f06e80b8000 JavaThread "process reaper" daemon [_thread_blocked, id=4381, stack(0x00007f06bb1e9000,0x00007f06bb222000)]
  0x00007f06ec008000 JavaThread "process reaper" daemon [_thread_blocked, id=4380, stack(0x00007f06bb222000,0x00007f06bb25b000)]
  0x00007f06b4f71000 JavaThread "Task worker for ':'" [_thread_blocked, id=4371, stack(0x00007f06cc20a000,0x00007f06cc30b000)]
  0x00007f06b4f70800 JavaThread "Cache worker for task history cache (/home/lidia/AndroidStudioProjects/JustJava/.gradle/4.1/taskHistory)" [_thread_blocked, id=4370, stack(0x00007f06cc109000,0x00007f06cc20a000)]
  0x00007f06b4fdf000 JavaThread "Cache worker for file content cache (/home/lidia/AndroidStudioProjects/JustJava/.gradle/4.1/fileContent)" [_thread_blocked, id=4369, stack(0x00007f06cde18000,0x00007f06cdf19000)]
  0x00007f06b4fbe000 JavaThread "build operations Thread 2" [_thread_blocked, id=4368, stack(0x00007f06cda16000,0x00007f06cdb17000)]
  0x00007f06b4fbd000 JavaThread "build operations" [_thread_blocked, id=4367, stack(0x00007f06cdb17000,0x00007f06cdc18000)]
  0x00007f06b4fe6000 JavaThread "Cache worker for Artifact transforms cache (/home/lidia/.gradle/caches/transforms-1)" [_thread_blocked, id=4363, stack(0x00007f06ceb92000,0x00007f06cec93000)]
  0x00007f06b45cb000 JavaThread "Cache worker for file hash cache (/home/lidia/AndroidStudioProjects/JustJava/.gradle/4.1/fileHashes)" [_thread_blocked, id=4359, stack(0x00007f06cf095000,0x00007f06cf196000)]
  0x00007f06b4030000 JavaThread "Stdin handler" [_thread_blocked, id=4358, stack(0x00007f06cf196000,0x00007f06cf297000)]
  0x00007f06b5168800 JavaThread "Asynchronous log dispatcher for DefaultDaemonConnection: socket connection from /127.0.0.1:35455 to /127.0.0.1:53876" [_thread_blocked, id=4357, stack(0x00007f06cf398000,0x00007f06cf499000)]
  0x00007f06c0004000 JavaThread "Cancel handler" [_thread_blocked, id=4356, stack(0x00007f06cf499000,0x00007f06cf59a000)]
  0x00007f06c0005800 JavaThread "Handler for socket connection from /127.0.0.1:35455 to /127.0.0.1:53876" [_thread_in_native, id=4355, stack(0x00007f06bbcff000,0x00007f06bbe00000)]
  0x00007f06b4afa000 JavaThread "Memory manager" [_thread_blocked, id=4320, stack(0x00007f06ccf20000,0x00007f06cd021000)]
  0x00007f06b4181800 JavaThread "File lock request listener" [_thread_in_native, id=4310, stack(0x00007f06cec93000,0x00007f06ced94000)]
  0x00007f06b4182800 JavaThread "Cache worker for file hash cache (/home/lidia/.gradle/caches/4.1/fileHashes)" [_thread_blocked, id=4309, stack(0x00007f06ced94000,0x00007f06cee95000)]
  0x00007f06c0007800 JavaThread "Daemon worker" [_thread_blocked, id=4303, stack(0x00007f06cf297000,0x00007f06cf398000)]
  0x00007f06c4043000 JavaThread "Daemon" [_thread_blocked, id=4300, stack(0x00007f06cf59a000,0x00007f06cf69b000)]
  0x00007f0708c6a000 JavaThread "Daemon periodic checks" [_thread_blocked, id=4299, stack(0x00007f06cf69b000,0x00007f06cf79c000)]
  0x00007f0708c4d000 JavaThread "Incoming local TCP Connector on port 35455" [_thread_in_native, id=4298, stack(0x00007f06cf7a3000,0x00007f06cf8a4000)]
  0x00007f07080bb000 JavaThread "Service Thread" daemon [_thread_blocked, id=4294, stack(0x00007f06f51a0000,0x00007f06f52a1000)]
  0x00007f07080b8000 JavaThread "C1 CompilerThread1" daemon [_thread_blocked, id=4293, stack(0x00007f06f52a1000,0x00007f06f53a2000)]
  0x00007f07080b5800 JavaThread "C2 CompilerThread0" daemon [_thread_blocked, id=4292, stack(0x00007f06f53a2000,0x00007f06f54a3000)]
  0x00007f07080b1000 JavaThread "Signal Dispatcher" daemon [_thread_blocked, id=4291, stack(0x00007f06f54a3000,0x00007f06f55a4000)]
  0x00007f0708080000 JavaThread "Finalizer" daemon [_thread_blocked, id=4290, stack(0x00007f06f59fa000,0x00007f06f5afb000)]
  0x00007f070807b800 JavaThread "Reference Handler" daemon [_thread_blocked, id=4289, stack(0x00007f06f5afb000,0x00007f06f5bfc000)]
  0x00007f070800a800 JavaThread "main" [_thread_blocked, id=4285, stack(0x00007f0710d13000,0x00007f0710e14000)]

Other Threads:
=>0x00007f0708074000 VMThread [stack: 0x00007f06f5bfc000,0x00007f06f5cfd000] [id=4288]
  0x00007f07080bd800 WatcherThread [stack: 0x00007f06f509f000,0x00007f06f51a0000] [id=4295]

VM state:at safepoint (normal execution)

VM Mutex/Monitor currently owned by a thread:  ([mutex/lock_event])
[0x00007f0708006770] ExpandHeap_lock - owner thread: 0x00007f0708074000
[0x00007f0708006df0] Threads_lock - owner thread: 0x00007f0708074000
[0x00007f07080072f0] Heap_lock - owner thread: 0x00007f06e0055000

Heap:
 PSYoungGen      total 237056K, used 0K [0x00000000e0000000, 0x00000000f1600000, 0x0000000100000000)
  eden space 223744K, 0% used [0x00000000e0000000,0x00000000e0000000,0x00000000eda80000)
  from space 13312K, 0% used [0x00000000ef200000,0x00000000ef200000,0x00000000eff00000)
  to   space 24064K, 0% used [0x00000000eda80000,0x00000000eda80000,0x00000000ef200000)
 ParOldGen       total 70144K, used 66735K [0x00000000a0000000, 0x00000000a4480000, 0x00000000e0000000)
  object space 70144K, 95% used [0x00000000a0000000,0x00000000a412bdf0,0x00000000a4480000)
 Metaspace       used 65466K, capacity 68178K, committed 68440K, reserved 1107968K
  class space    used 8468K, capacity 9076K, committed 9088K, reserved 1048576K

Card table byte_map: [0x00007f070d89e000,0x00007f070db9f000] byte_map_base: 0x00007f070d39e000

Marking Bits: (ParMarkBitMap*) 0x00007f07101e23e0
 Begin Bits: [0x00007f06f6000000, 0x00007f06f7800000)
 End Bits:   [0x00007f06f7800000, 0x00007f06f9000000)

Polling page: 0x00007f0710e35000

CodeCache: size=245760Kb used=30740Kb max_used=30740Kb free=215019Kb
 bounds [0x00007f06f9000000, 0x00007f06fae30000, 0x00007f0708000000]
 total_blobs=10967 nmethods=10151 adapters=730
 compilation: enabled

Compilation events (10 events):
Event: 104,348 Thread 0x00007f07080b8000 11833       2       com.android.dx.io.instructions.InstructionCodec$23::decode (90 bytes)
Event: 104,349 Thread 0x00007f07080b8000 nmethod 11833 0x00007f06fae23c90 code [0x00007f06fae23e60, 0x00007f06fae243f8]
Event: 104,349 Thread 0x00007f07080b8000 11834       2       com.android.dx.io.instructions.InstructionCodec$23::encode (37 bytes)
Event: 104,350 Thread 0x00007f07080b8000 nmethod 11834 0x00007f06fae24a50 code [0x00007f06fae24be0, 0x00007f06fae24eb8]
Event: 104,365 Thread 0x00007f07080b8000 11835       2       com.android.dx.io.instructions.InstructionCodec$34::decode (74 bytes)
Event: 104,366 Thread 0x00007f07080b8000 nmethod 11835 0x00007f06fae25190 code [0x00007f06fae253c0, 0x00007f06fae25d98]
Event: 104,367 Thread 0x00007f07080b8000 11837       2       com.android.dx.io.instructions.InstructionCodec$34::encode (95 bytes)
Event: 104,368 Thread 0x00007f07080b8000 nmethod 11837 0x00007f06fae268d0 code [0x00007f06fae26aa0, 0x00007f06fae270a8]
Event: 104,368 Thread 0x00007f07080b8000 11836       2       com.android.dx.io.instructions.PackedSwitchPayloadDecodedInstruction::<init> (22 bytes)
Event: 104,368 Thread 0x00007f07080b8000 nmethod 11836 0x00007f06fae27810 code [0x00007f06fae27980, 0x00007f06fae27b48]

GC Heap History (10 events):
Event: 43,775 GC heap after
Heap after GC invocations=27 (full 2):
 PSYoungGen      total 172544K, used 3213K [0x00000000e0000000, 0x00000000eda00000, 0x0000000100000000)
  eden space 160256K, 0% used [0x00000000e0000000,0x00000000e0000000,0x00000000e9c80000)
  from space 12288K, 26% used [0x00000000e9c80000,0x00000000e9fa3488,0x00000000ea880000)
  to   space 11264K, 0% used [0x00000000ecf00000,0x00000000ecf00000,0x00000000eda00000)
 ParOldGen       total 44544K, used 37313K [0x00000000a0000000, 0x00000000a2b80000, 0x00000000e0000000)
  object space 44544K, 83% used [0x00000000a0000000,0x00000000a24706a8,0x00000000a2b80000)
 Metaspace       used 56938K, capacity 58908K, committed 59028K, reserved 1099776K
  class space    used 7636K, capacity 8107K, committed 8192K, reserved 1048576K
}
Event: 43,775 GC heap before
{Heap before GC invocations=28 (full 3):
 PSYoungGen      total 172544K, used 3213K [0x00000000e0000000, 0x00000000eda00000, 0x0000000100000000)
  eden space 160256K, 0% used [0x00000000e0000000,0x00000000e0000000,0x00000000e9c80000)
  from space 12288K, 26% used [0x00000000e9c80000,0x00000000e9fa3488,0x00000000ea880000)
  to   space 11264K, 0% used [0x00000000ecf00000,0x00000000ecf00000,0x00000000eda00000)
 ParOldGen       total 44544K, used 37313K [0x00000000a0000000, 0x00000000a2b80000, 0x00000000e0000000)
  object space 44544K, 83% used [0x00000000a0000000,0x00000000a24706a8,0x00000000a2b80000)
 Metaspace       used 56938K, capacity 58908K, committed 59028K, reserved 1099776K
  class space    used 7636K, capacity 8107K, committed 8192K, reserved 1048576K
Event: 44,158 GC heap after
Heap after GC invocations=28 (full 3):
 PSYoungGen      total 172544K, used 0K [0x00000000e0000000, 0x00000000eda00000, 0x0000000100000000)
  eden space 160256K, 0% used [0x00000000e0000000,0x00000000e0000000,0x00000000e9c80000)
  from space 12288K, 0% used [0x00000000e9c80000,0x00000000e9c80000,0x00000000ea880000)
  to   space 11264K, 0% used [0x00000000ecf00000,0x00000000ecf00000,0x00000000eda00000)
 ParOldGen       total 70144K, used 31311K [0x00000000a0000000, 0x00000000a4480000, 0x00000000e0000000)
  object space 70144K, 44% used [0x00000000a0000000,0x00000000a1e93da8,0x00000000a4480000)
 Metaspace       used 56938K, capacity 58908K, committed 59028K, reserved 1099776K
  class space    used 7636K, capacity 8107K, committed 8192K, reserved 1048576K
}
Event: 93,045 GC heap before
{Heap before GC invocations=29 (full 3):
 PSYoungGen      total 172544K, used 160158K [0x00000000e0000000, 0x00000000eda00000, 0x0000000100000000)
  eden space 160256K, 99% used [0x00000000e0000000,0x00000000e9c67a28,0x00000000e9c80000)
  from space 12288K, 0% used [0x00000000e9c80000,0x00000000e9c80000,0x00000000ea880000)
  to   space 11264K, 0% used [0x00000000ecf00000,0x00000000ecf00000,0x00000000eda00000)
 ParOldGen       total 70144K, used 31311K [0x00000000a0000000, 0x00000000a4480000, 0x00000000e0000000)
  object space 70144K, 44% used [0x00000000a0000000,0x00000000a1e93da8,0x00000000a4480000)
 Metaspace       used 60644K, capacity 63148K, committed 63448K, reserved 1103872K
  class space    used 8018K, capacity 8579K, committed 8704K, reserved 1048576K
Event: 93,131 GC heap after
Heap after GC invocations=29 (full 3):
 PSYoungGen      total 203264K, used 7779K [0x00000000e0000000, 0x00000000ed700000, 0x0000000100000000)
  eden space 195072K, 0% used [0x00000000e0000000,0x00000000e0000000,0x00000000ebe80000)
  from space 8192K, 94% used [0x00000000ecf00000,0x00000000ed698e70,0x00000000ed700000)
  to   space 12288K, 0% used [0x00000000ebf00000,0x00000000ebf00000,0x00000000ecb00000)
 ParOldGen       total 70144K, used 31319K [0x00000000a0000000, 0x00000000a4480000, 0x00000000e0000000)
  object space 70144K, 44% used [0x00000000a0000000,0x00000000a1e95da8,0x00000000a4480000)
 Metaspace       used 60644K, capacity 63148K, committed 63448K, reserved 1103872K
  class space    used 8018K, capacity 8579K, committed 8704K, reserved 1048576K
}
Event: 102,598 GC heap before
{Heap before GC invocations=30 (full 3):
 PSYoungGen      total 203264K, used 202851K [0x00000000e0000000, 0x00000000ed700000, 0x0000000100000000)
  eden space 195072K, 100% used [0x00000000e0000000,0x00000000ebe80000,0x00000000ebe80000)
  from space 8192K, 94% used [0x00000000ecf00000,0x00000000ed698e70,0x00000000ed700000)
  to   space 12288K, 0% used [0x00000000ebf00000,0x00000000ebf00000,0x00000000ecb00000)
 ParOldGen       total 70144K, used 31319K [0x00000000a0000000, 0x00000000a4480000, 0x00000000e0000000)
  object space 70144K, 44% used [0x00000000a0000000,0x00000000a1e95da8,0x00000000a4480000)
 Metaspace       used 64694K, capacity 67308K, committed 67672K, reserved 1107968K
  class space    used 8389K, capacity 8979K, committed 9088K, reserved 1048576K
Event: 102,625 GC heap after
Heap after GC invocations=30 (full 3):
 PSYoungGen      total 207872K, used 8962K [0x00000000e0000000, 0x00000000eff00000, 0x0000000100000000)
  eden space 195584K, 0% used [0x00000000e0000000,0x00000000e0000000,0x00000000ebf00000)
  from space 12288K, 72% used [0x00000000ebf00000,0x00000000ec7c0b50,0x00000000ecb00000)
  to   space 13312K, 0% used [0x00000000ef200000,0x00000000ef200000,0x00000000eff00000)
 ParOldGen       total 70144K, used 35746K [0x00000000a0000000, 0x00000000a4480000, 0x00000000e0000000)
  object space 70144K, 50% used [0x00000000a0000000,0x00000000a22e89b8,0x00000000a4480000)
 Metaspace       used 64694K, capacity 67308K, committed 67672K, reserved 1107968K
  class space    used 8389K, capacity 8979K, committed 9088K, reserved 1048576K
}
Event: 104,384 GC heap before
{Heap before GC invocations=31 (full 3):
 PSYoungGen      total 207872K, used 204546K [0x00000000e0000000, 0x00000000eff00000, 0x0000000100000000)
  eden space 195584K, 100% used [0x00000000e0000000,0x00000000ebf00000,0x00000000ebf00000)
  from space 12288K, 72% used [0x00000000ebf00000,0x00000000ec7c0b50,0x00000000ecb00000)
  to   space 13312K, 0% used [0x00000000ef200000,0x00000000ef200000,0x00000000eff00000)
 ParOldGen       total 70144K, used 35746K [0x00000000a0000000, 0x00000000a4480000, 0x00000000e0000000)
  object space 70144K, 50% used [0x00000000a0000000,0x00000000a22e89b8,0x00000000a4480000)
 Metaspace       used 65469K, capacity 68186K, committed 68440K, reserved 1107968K
  class space    used 8469K, capacity 9078K, committed 9088K, reserved 1048576K
Event: 104,463 GC heap after
Heap after GC invocations=31 (full 3):
 PSYoungGen      total 237056K, used 13282K [0x00000000e0000000, 0x00000000f1600000, 0x0000000100000000)
  eden space 223744K, 0% used [0x00000000e0000000,0x00000000e0000000,0x00000000eda80000)
  from space 13312K, 99% used [0x00000000ef200000,0x00000000efef8bb8,0x00000000eff00000)
  to   space 24064K, 0% used [0x00000000eda80000,0x00000000eda80000,0x00000000ef200000)
 ParOldGen       total 70144K, used 58524K [0x00000000a0000000, 0x00000000a4480000, 0x00000000e0000000)
  object space 70144K, 83% used [0x00000000a0000000,0x00000000a3927260,0x00000000a4480000)
 Metaspace       used 65469K, capacity 68186K, committed 68440K, reserved 1107968K
  class space    used 8469K, capacity 9078K, committed 9088K, reserved 1048576K
}
Event: 104,641 GC heap before
{Heap before GC invocations=32 (full 4):
 PSYoungGen      total 237056K, used 13282K [0x00000000e0000000, 0x00000000f1600000, 0x0000000100000000)
  eden space 223744K, 0% used [0x00000000e0000000,0x00000000e0000000,0x00000000eda80000)
  from space 13312K, 99% used [0x00000000ef200000,0x00000000efef8bb8,0x00000000eff00000)
  to   space 24064K, 0% used [0x00000000eda80000,0x00000000eda80000,0x00000000ef200000)
 ParOldGen       total 70144K, used 58524K [0x00000000a0000000, 0x00000000a4480000, 0x00000000e0000000)
  object space 70144K, 83% used [0x00000000a0000000,0x00000000a3927260,0x00000000a4480000)
 Metaspace       used 65469K, capacity 68186K, committed 68440K, reserved 1107968K
  class space    used 8469K, capacity 9078K, committed 9088K, reserved 1048576K

Deoptimization events (10 events):
Event: 103,865 Thread 0x00007f06e0055000 Uncommon trap: reason=class_check action=maybe_recompile pc=0x00007f06fad5ca94 method=com.android.dex.Leb128.readUnsignedLeb128(Lcom/android/dex/util/ByteInput;)I @ 5
Event: 103,865 Thread 0x00007f06e0055000 Uncommon trap: reason=class_check action=maybe_recompile pc=0x00007f06fad5ca94 method=com.android.dex.Leb128.readUnsignedLeb128(Lcom/android/dex/util/ByteInput;)I @ 5
Event: 103,865 Thread 0x00007f06e0055000 Uncommon trap: reason=class_check action=maybe_recompile pc=0x00007f06fad5ca94 method=com.android.dex.Leb128.readUnsignedLeb128(Lcom/android/dex/util/ByteInput;)I @ 5
Event: 103,874 Thread 0x00007f06e0055000 Uncommon trap: reason=unstable_if action=reinterpret pc=0x00007f06fa937b5c method=java.lang.Long.numberOfTrailingZeros(J)I @ 3
Event: 103,942 Thread 0x00007f06e0055000 Uncommon trap: reason=unstable_if action=reinterpret pc=0x00007f06f9608e14 method=java.util.Arrays$ArrayList.indexOf(Ljava/lang/Object;)I @ 6
Event: 104,275 Thread 0x00007f06e0055000 Uncommon trap: reason=predicate action=maybe_recompile pc=0x00007f06fad96f84 method=com.android.dex.Leb128.readUnsignedLeb128(Lcom/android/dex/util/ByteInput;)I @ 41
Event: 104,285 Thread 0x00007f06e0055000 Uncommon trap: reason=unstable_if action=reinterpret pc=0x00007f06f9e1257c method=java.util.HashMap.putVal(ILjava/lang/Object;Ljava/lang/Object;ZZ)Ljava/lang/Object; @ 109
Event: 104,285 Thread 0x00007f06e0055000 Uncommon trap: reason=unstable_if action=reinterpret pc=0x00007f06fa55a350 method=java.util.HashMap.putVal(ILjava/lang/Object;Ljava/lang/Object;ZZ)Ljava/lang/Object; @ 109
Event: 104,292 Thread 0x00007f06e0055000 Uncommon trap: reason=unstable_if action=reinterpret pc=0x00007f06f978e140 method=java.util.HashMap.getNode(ILjava/lang/Object;)Ljava/util/HashMap$Node; @ 84
Event: 104,292 Thread 0x00007f06e0055000 Uncommon trap: reason=unstable_if action=reinterpret pc=0x00007f06f96cd850 method=java.util.HashMap.getNode(ILjava/lang/Object;)Ljava/util/HashMap$Node; @ 84

Classes redefined (0 events):
No events

Internal exceptions (10 events):
Event: 102,163 Thread 0x00007f06e0056000 Exception <a 'sun/nio/fs/UnixException'> (0x00000000eb0fb270) thrown at [/ssd/Android/AOSP-openjdk-git/jdk8u/hotspot/src/share/vm/prims/jni.cpp, line 709]
Event: 102,165 Thread 0x00007f06e0055000 Exception <a 'sun/nio/fs/UnixException'> (0x00000000eb0ab988) thrown at [/ssd/Android/AOSP-openjdk-git/jdk8u/hotspot/src/share/vm/prims/jni.cpp, line 709]
Event: 102,165 Thread 0x00007f06e0056000 Exception <a 'sun/nio/fs/UnixException'> (0x00000000eb110f70) thrown at [/ssd/Android/AOSP-openjdk-git/jdk8u/hotspot/src/share/vm/prims/jni.cpp, line 709]
Event: 102,167 Thread 0x00007f06e0056000 Exception <a 'sun/nio/fs/UnixException'> (0x00000000eb125708) thrown at [/ssd/Android/AOSP-openjdk-git/jdk8u/hotspot/src/share/vm/prims/jni.cpp, line 709]
Event: 102,172 Thread 0x00007f06e0056000 Exception <a 'sun/nio/fs/UnixException'> (0x00000000eb137658) thrown at [/ssd/Android/AOSP-openjdk-git/jdk8u/hotspot/src/share/vm/prims/jni.cpp, line 709]
Event: 102,174 Thread 0x00007f06e0056000 Exception <a 'sun/nio/fs/UnixException'> (0x00000000eb1494c8) thrown at [/ssd/Android/AOSP-openjdk-git/jdk8u/hotspot/src/share/vm/prims/jni.cpp, line 709]
Event: 102,174 Thread 0x00007f06e0055000 Exception <a 'sun/nio/fs/UnixException'> (0x00000000eb0c07c8) thrown at [/ssd/Android/AOSP-openjdk-git/jdk8u/hotspot/src/share/vm/prims/jni.cpp, line 709]
Event: 102,177 Thread 0x00007f06e0055000 Exception <a 'sun/nio/fs/UnixException'> (0x00000000eb0e2688) thrown at [/ssd/Android/AOSP-openjdk-git/jdk8u/hotspot/src/share/vm/prims/jni.cpp, line 709]
Event: 103,231 Thread 0x00007f06b4afa000 Exception <a 'java/io/IOException'> (0x00000000e27f0a20) thrown at [/ssd/Android/AOSP-openjdk-git/jdk8u/hotspot/src/share/vm/prims/jni.cpp, line 709]
Event: 103,942 Thread 0x00007f06e0055000 Implicit null exception at 0x00007f06f9608b50 to 0x00007f06f9608e01

Events (10 events):
Event: 104,285 Thread 0x00007f06e0055000 DEOPT UNPACKING pc=0x00007f06f9004f69 sp=0x00007f06bb1e73f0 mode 2
Event: 104,290 Thread 0x00007f06e0055000 DEOPT PACKING pc=0x00007f06f9e5d3c8 sp=0x00007f06bb1e74c0
Event: 104,290 Thread 0x00007f06e0055000 DEOPT UNPACKING pc=0x00007f06f9046f73 sp=0x00007f06bb1e71d8 mode 0
Event: 104,292 Thread 0x00007f06e0055000 Uncommon trap: trap_request=0xffffff65 fr.pc=0x00007f06f978e140
Event: 104,292 Thread 0x00007f06e0055000 DEOPT PACKING pc=0x00007f06f978e140 sp=0x00007f06bb1e7580
Event: 104,292 Thread 0x00007f06e0055000 DEOPT UNPACKING pc=0x00007f06f9004f69 sp=0x00007f06bb1e74b0 mode 2
Event: 104,292 Thread 0x00007f06e0055000 Uncommon trap: trap_request=0xffffff65 fr.pc=0x00007f06f96cd850
Event: 104,292 Thread 0x00007f06e0055000 DEOPT PACKING pc=0x00007f06f96cd850 sp=0x00007f06bb1e74f0
Event: 104,292 Thread 0x00007f06e0055000 DEOPT UNPACKING pc=0x00007f06f9004f69 sp=0x00007f06bb1e74a0 mode 2
Event: 104,384 Executing VM operation: ParallelGCFailedAllocation


Dynamic libraries:
00400000-00401000 r-xp 00000000 08:06 1589765                            /opt/android-studio/jre/bin/java
00600000-00601000 r--p 00000000 08:06 1589765                            /opt/android-studio/jre/bin/java
00601000-00602000 rw-p 00001000 08:06 1589765                            /opt/android-studio/jre/bin/java
01834000-0191b000 rw-p 00000000 00:00 0                                  [heap]
a0000000-a4480000 rw-p 00000000 00:00 0 
a7500000-e0000000 ---p 00000000 00:00 0 
e0000000-f1600000 rw-p 00000000 00:00 0 
f1600000-100000000 ---p 00000000 00:00 0 
100000000-1008e0000 rw-p 00000000 00:00 0 
1008e0000-140000000 ---p 00000000 00:00 0 
7f06b4000000-7f06b5239000 rw-p 00000000 00:00 0 
7f06b5239000-7f06b8000000 ---p 00000000 00:00 0 
7f06ba7b2000-7f06ba9b2000 rw-p 00000000 00:00 0 
7f06ba9b2000-7f06babb2000 rw-p 00000000 00:00 0 
7f06bace4000-7f06bace7000 ---p 00000000 00:00 0 
7f06bace7000-7f06bade5000 rw-p 00000000 00:00 0 
7f06bade5000-7f06bade8000 ---p 00000000 00:00 0 
7f06bade8000-7f06baee6000 rw-p 00000000 00:00 0 
7f06baee6000-7f06baee9000 ---p 00000000 00:00 0 
7f06baee9000-7f06bafe7000 rw-p 00000000 00:00 0 
7f06bafe7000-7f06bafea000 ---p 00000000 00:00 0 
7f06bafea000-7f06bb0e8000 rw-p 00000000 00:00 0 
7f06bb0e8000-7f06bb0eb000 ---p 00000000 00:00 0 
7f06bb0eb000-7f06bb1e9000 rw-p 00000000 00:00 0 
7f06bb1e9000-7f06bb1ec000 ---p 00000000 00:00 0 
7f06bb1ec000-7f06bb222000 rw-p 00000000 00:00 0 
7f06bb222000-7f06bb225000 ---p 00000000 00:00 0 
7f06bb225000-7f06bb45b000 rw-p 00000000 00:00 0 
7f06bb45b000-7f06bb576000 r--s 02008000 08:06 2925087                    /home/lidia/.gradle/caches/jars-3/9955734f77abc673a38c7cd4c0214af5/android.jar
7f06bb576000-7f06bb57d000 r--s 0002a000 08:06 2883754                    /home/lidia/.gradle/caches/jars-3/fff47aec37b967e571b648d1fc9c6db6/gradle-messaging-3.5.jar
7f06bb57d000-7f06bb5bf000 r--s 00220000 08:06 2883750                    /home/lidia/.gradle/caches/jars-3/929747bc6b973b44297e9c57df71598d/gradle-core-3.5.jar
7f06bb5bf000-7f06bb5c8000 r--s 00047000 08:06 2883748                    /home/lidia/.gradle/caches/jars-3/11d06a5dce89fe5632250b7df00a3d57/gradle-base-services-3.5.jar
7f06bb5c8000-7f06bb5f0000 r--s 001cf000 08:06 2883746                    /home/lidia/.gradle/caches/jars-3/566e7e0f530f75a42eba4833ef84d88c/guava-jdk5-17.0.jar
7f06bb5f0000-7f06bb5fe000 r--s 00043000 08:06 2883744                    /home/lidia/.gradle/caches/jars-3/c0d1da18a547ef3a2ba66d3068ae6e09/gradle-tooling-api-3.5.jar
7f06bb5fe000-7f06bb7fe000 rw-p 00000000 00:00 0 
7f06bb7fe000-7f06bb9fe000 rw-p 00000000 00:00 0 
7f06bb9fe000-7f06bba01000 ---p 00000000 00:00 0 
7f06bba01000-7f06bbcff000 rw-p 00000000 00:00 0 
7f06bbcff000-7f06bbd02000 ---p 00000000 00:00 0 
7f06bbd02000-7f06bc000000 rw-p 00000000 00:00 0 
7f06bc000000-7f06bc021000 rw-p 00000000 00:00 0 
7f06bc021000-7f06c0000000 ---p 00000000 00:00 0 
7f06c0000000-7f06c0286000 rw-p 00000000 00:00 0 
7f06c0286000-7f06c4000000 ---p 00000000 00:00 0 
7f06c4000000-7f06c4078000 rw-p 00000000 00:00 0 
7f06c4078000-7f06c8000000 ---p 00000000 00:00 0 
7f06c8000000-7f06c8021000 rw-p 00000000 00:00 0 
7f06c8021000-7f06cc000000 ---p 00000000 00:00 0 
7f06cc003000-7f06cc008000 r--s 00041000 08:06 2883752                    /home/lidia/.gradle/caches/jars-3/c0502f5c2cf6dfd52d250e1b7d027d24/commons-lang-2.6.jar
7f06cc008000-7f06cc00b000 ---p 00000000 00:00 0 
7f06cc00b000-7f06cc109000 rw-p 00000000 00:00 0 
7f06cc109000-7f06cc10c000 ---p 00000000 00:00 0 
7f06cc10c000-7f06cc20a000 rw-p 00000000 00:00 0 
7f06cc20a000-7f06cc20d000 ---p 00000000 00:00 0 
7f06cc20d000-7f06cc50b000 rw-p 00000000 00:00 0 
7f06cc50b000-7f06cc70b000 rw-p 00000000 00:00 0 
7f06cc70b000-7f06cc90b000 rw-p 00000000 00:00 0 
7f06cc90b000-7f06cc91d000 r--s 00345000 08:06 1589847                    /opt/android-studio/jre/jre/lib/resources.jar
7f06cc91d000-7f06ccb1d000 rw-p 00000000 00:00 0 
7f06ccb1d000-7f06ccd1d000 rw-p 00000000 00:00 0 
7f06ccd1d000-7f06ccd20000 r--s 00015000 08:06 1589846                    /opt/android-studio/jre/jre/lib/jce.jar
7f06ccd20000-7f06ccf20000 rw-p 00000000 00:00 0 
7f06ccf20000-7f06ccf23000 ---p 00000000 00:00 0 
7f06ccf23000-7f06cd221000 rw-p 00000000 00:00 0 
7f06cd221000-7f06cd417000 rw-p 00000000 00:00 0 
7f06cd417000-7f06cd421000 ---p 00000000 00:00 0 
7f06cd421000-7f06cd42c000 r--s 00081000 08:06 2884067                    /home/lidia/.gradle/caches/jars-3/fc6e889a0f45cc9752787eb60f920103/trove4j-20160824.jar
7f06cd42c000-7f06cd4af000 r--s 00758000 08:06 2884065                    /home/lidia/.gradle/caches/jars-3/b46ab84062ddfd52701cfe0a9718e764/intellij-core-26.0.1.jar
7f06cd4af000-7f06cd4b5000 r--s 00033000 08:06 2884063                    /home/lidia/.gradle/caches/jars-3/f96c897d327ea500d64fe3af2833bd50/commons-codec-1.6.jar
7f06cd4b5000-7f06cd4b7000 r--s 0000d000 08:06 2884061                    /home/lidia/.gradle/caches/jars-3/ccc849edcf9fccd61ed937bf93ffe896/commons-logging-1.1.1.jar
7f06cd4b7000-7f06cd4bd000 r--s 00032000 08:06 2884059                    /home/lidia/.gradle/caches/jars-3/72e344059d1923829968d0d38b0c3c72/httpcore-4.2.5.jar
7f06cd4bd000-7f06cd4be000 r--s 00004000 08:06 2884057                    /home/lidia/.gradle/caches/jars-3/3a4299d1ce3e273e7c03a9ccf5a1e333/annotations-12.0.jar
7f06cd4be000-7f06cd4bf000 r--s 00000000 08:06 2884055                    /home/lidia/.gradle/caches/jars-3/0e2fbc3b8c56d2975eca90c524790c13/animal-sniffer-annotations-1.14.jar
7f06cd4bf000-7f06cd4c1000 r--s 00001000 08:06 2884053                    /home/lidia/.gradle/caches/jars-3/ad41f8f3ac67c0323ce9eb1c20c8dc3f/j2objc-annotations-1.1.jar
7f06cd4c1000-7f06cd4c2000 r--s 00002000 08:06 2884051                    /home/lidia/.gradle/caches/jars-3/9edb0f46b907c34c4718edabde6c791c/error_prone_annotations-2.0.18.jar
7f06cd4c2000-7f06cd4c5000 r--s 00006000 08:06 2884049                    /home/lidia/.gradle/caches/jars-3/b58a9bc3bbba42132e4abc0bacae8da1/jsr305-1.3.9.jar
7f06cd4c5000-7f06cd4c6000 r--s 0000a000 08:06 2884047                    /home/lidia/.gradle/caches/jars-3/5b8b36ed61fe92731031cca3c9b3a0b3/kxml2-2.3.0.jar
7f06cd4c6000-7f06cd4c8000 r--s 00005000 08:06 2884045                    /home/lidia/.gradle/caches/jars-3/f10e1e1978816198f2eb1189c974b440/httpmime-4.1.jar
7f06cd4c8000-7f06cd4d2000 r--s 00061000 08:06 2884043                    /home/lidia/.gradle/caches/jars-3/bc4b2527f35dc983f759e8f85f3f8d52/httpclient-4.2.6.jar
7f06cd4d2000-7f06cd4db000 r--s 00064000 08:06 2884041                    /home/lidia/.gradle/caches/jars-3/fc37c717528c2a0d27f3e3621835f781/commons-compress-1.12.jar
7f06cd4db000-7f06cd4e0000 r--s 0002e000 08:06 2884039                    /home/lidia/.gradle/caches/jars-3/c5bcda7f6f4809e9c92270f99e51f154/gson-2.3.jar
7f06cd4e0000-7f06cd4f0000 r--s 000d6000 08:06 2884037                    /home/lidia/.gradle/caches/jars-3/dbdb8caed2514263a34702cc763c6785/proguard-base-5.3.3.jar
7f06cd4f0000-7f06cd4f2000 r--s 00003000 08:06 2884035                    /home/lidia/.gradle/caches/jars-3/01ab8600ebbfdcaf9b89b45c2b992e82/annotations-13.0.jar
7f06cd4f2000-7f06cd4f3000 r--s 00001000 08:06 2884033                    /home/lidia/.gradle/caches/jars-3/dccac9b7f67766e57200b1770178f61c/annotations-26.0.1.jar
7f06cd4f3000-7f06cd4f6000 r--s 00033000 08:06 2884031                    /home/lidia/.gradle/caches/jars-3/0ce03714647bf7bd3c78634c20ddbf38/juniversalchardet-1.0.3.jar
7f06cd4f6000-7f06cd4fa000 r--s 0002a000 08:06 2884029                    /home/lidia/.gradle/caches/jars-3/9849af6d4b0409ba64061601342f385d/commons-io-2.4.jar
7f06cd4fa000-7f06cd511000 r--s 00154000 08:06 2884027                    /home/lidia/.gradle/caches/jars-3/57adf9abd30c921d4ea1dfdcfe7b9efd/antlr4-4.5.3.jar
7f06cd511000-7f06cd512000 r--s 00003000 08:06 2884025                    /home/lidia/.gradle/caches/jars-3/54a15dd332fd4c2e246ad396835dc0d2/baseLibrary-3.0.1.jar
7f06cd512000-7f06cd542000 r--s 00245000 08:06 2884023                    /home/lidia/.gradle/caches/jars-3/8e27cdebb49ba2f804f9403d90aaaac5/guava-22.0.jar
7f06cd542000-7f06cd54a000 r--s 000a8000 08:06 2884021                    /home/lidia/.gradle/caches/jars-3/6cc57ce9ec0d90186f781694264d61bc/lombok-ast-0.2.3.jar
7f06cd54a000-7f06cd54e000 r--s 0002f000 08:06 2884019                    /home/lidia/.gradle/caches/jars-3/505fcc8c47da308b2f1262f0ff3c65f1/jimfs-1.1.jar
7f06cd54e000-7f06cd561000 r--s 00241000 08:06 2884017                    /home/lidia/.gradle/caches/jars-3/d8dc71eb6d91c966c45f7b594129e14a/ecj-4.6.1.jar
7f06cd561000-7f06cd562000 r--s 00003000 08:06 2884015                    /home/lidia/.gradle/caches/jars-3/fdb8f5ebd6a086c4818336712b830716/json-simple-1.1.jar
7f06cd562000-7f06cd687000 r--s 00f5d000 08:06 2884013                    /home/lidia/.gradle/caches/jars-3/dfd566a90e18a0aa75879c33e0731ab8/fastutil-7.2.0.jar
7f06cd687000-7f06cd6d2000 r--s 002ff000 08:06 2884011                    /home/lidia/.gradle/caches/jars-3/d3d44e9a7fcb4a86fb40775c385dd3d0/bcprov-jdk15on-1.56.jar
7f06cd6d2000-7f06cd6e3000 r--s 00097000 08:06 2884009                    /home/lidia/.gradle/caches/jars-3/59ebb77d99c5ca0e24bb23272e0329dd/bcpkix-jdk15on-1.56.jar
7f06cd6e3000-7f06cd6e5000 r--s 00002000 08:06 2884007                    /home/lidia/.gradle/caches/jars-3/f268e5e8fc83bb846ac355d6a16b1f30/javawriter-2.5.0.jar
7f06cd6e5000-7f06cd6ea000 r--s 0003b000 08:06 2884005                    /home/lidia/.gradle/caches/jars-3/91bf67441f6ac57ccbb374f99f9ed0fc/apksig-3.0.1.jar
7f06cd6ea000-7f06cd6ed000 r--s 00024000 08:06 2884003                    /home/lidia/.gradle/caches/jars-3/04183dcd1bde85515b23d1bbd46ea9bc/common-26.0.1.jar
7f06cd6ed000-7f06cd6ef000 r--s 00006000 08:06 2884001                    /home/lidia/.gradle/caches/jars-3/a0ea702af2bdb16dfa1a50969b155dea/dvlib-26.0.1.jar
7f06cd6ef000-7f06cd6f2000 r--s 00014000 08:06 2883999                    /home/lidia/.gradle/caches/jars-3/6abb718b4b844aa0386163f0c2f6eb72/layoutlib-api-26.0.1.jar
7f06cd6f2000-7f06cd6f7000 r--s 0004d000 08:06 2883997                    /home/lidia/.gradle/caches/jars-3/65a80584522712b8832b7c1c03186c4b/ddmlib-26.0.1.jar
7f06cd6f7000-7f06cd6f8000 r--s 00003000 08:06 2883995                    /home/lidia/.gradle/caches/jars-3/af01854c900e4906a368ef59064a245d/builder-test-api-3.0.1.jar
7f06cd6f8000-7f06cd6fb000 r--s 00007000 08:06 2883993                    /home/lidia/.gradle/caches/jars-3/124ec36ab4edce0919b54d1123daa364/builder-model-3.0.1.jar
7f06cd6fb000-7f06cd70a000 r--s 00130000 08:06 2883991                    /home/lidia/.gradle/caches/jars-3/72ba1443c6adcea1f6ba21e12f0bb0fc/protobuf-java-3.0.0.jar
7f06cd70a000-7f06cd71d000 r--s 001a8000 08:06 2883989                    /home/lidia/.gradle/caches/jars-3/a1cbdfb97e256e71fcbd29dc4584a785/protos-26.0.1.jar
7f06cd71d000-7f06cd71e000 r--s 00005000 08:06 2883987                    /home/lidia/.gradle/caches/jars-3/ca5180624b528b15325a5d002dbfbb6d/shared-26.0.1.jar
7f06cd71e000-7f06cd720000 r--s 00004000 08:06 2883985                    /home/lidia/.gradle/caches/jars-3/07f12c2b6f66ca8d4d6bd02e9c9b060a/tracker-26.0.1.jar
7f06cd720000-7f06cd722000 r--s 00002000 08:06 2883983                    /home/lidia/.gradle/caches/jars-3/e91624d2ed1c3b55eec9fd768ed13c1d/proguard-gradle-5.3.3.jar
7f06cd722000-7f06cd724000 r--s 0000f000 08:06 2883981                    /home/lidia/.gradle/caches/jars-3/96760c32d36a5d7066e3ccf088bfd362/jopt-simple-4.9.jar
7f06cd724000-7f06cd728000 r--s 0001e000 08:06 2883979                    /home/lidia/.gradle/caches/jars-3/0d3e95aba631209a078aeec58a76633d/org.jacoco.core-0.7.4.201502262128.jar
7f06cd728000-7f06cd72b000 r--s 00020000 08:06 2883977                    /home/lidia/.gradle/caches/jars-3/c72fc284d34f39eab57a4e3ba83405e9/org.jacoco.report-0.7.4.201502262128.jar
7f06cd72b000-7f06cd72d000 r--s 0000c000 08:06 2883975                    /home/lidia/.gradle/caches/jars-3/9b0a36633c92c6e87e62c81734593183/asm-5.1.jar
7f06cd72d000-7f06cd72f000 r--s 00006000 08:06 2883973                    /home/lidia/.gradle/caches/jars-3/50c8a7da333c41693b2b7ce95b6d9d89/asm-tree-5.1.jar
7f06cd72f000-7f06cd730000 r--s 0000a000 08:06 2883971                    /home/lidia/.gradle/caches/jars-3/c4f1f1d5a624f981d35a78d181e2c418/asm-util-5.1.jar
7f06cd730000-7f06cd732000 r--s 0000a000 08:06 2883969                    /home/lidia/.gradle/caches/jars-3/d37aa405961c464c627b1efe5def81b8/asm-commons-5.1.jar
7f06cd732000-7f06cd733000 r--s 00004000 08:06 2883967                    /home/lidia/.gradle/caches/jars-3/2b2689d10a4425b1cb2d0654db2ea088/asm-analysis-5.1.jar
7f06cd733000-7f06cd734000 r--s 00000000 08:06 2883965                    /home/lidia/.gradle/caches/jars-3/5206138fb8a6b2ffbd31e140916c2100/transform-api-2.0.0-deprecated-use-gradle-api.jar
7f06cd734000-7f06cd743000 r--s 000c8000 08:06 2883963                    /home/lidia/.gradle/caches/jars-3/af931fae44e009148423077fa09abbd1/kotlin-stdlib-1.1.3-2.jar
7f06cd743000-7f06cd775000 r--s 0021b000 08:06 2883961                    /home/lidia/.gradle/caches/jars-3/24b2127528a18b338af82ff7ea236d45/kotlin-reflect-1.1.3-2.jar
7f06cd775000-7f06cd77b000 r--s 00030000 08:06 2883959                    /home/lidia/.gradle/caches/jars-3/90ec49f8b88710e2876aefe447609abb/repository-26.0.1.jar
7f06cd77b000-7f06cd786000 r--s 0009b000 08:06 2883957                    /home/lidia/.gradle/caches/jars-3/af771564c510a1c104220a8be892ab2d/sdklib-26.0.1.jar
7f06cd786000-7f06cd795000 r--s 000da000 08:06 2883955                    /home/lidia/.gradle/caches/jars-3/50767da85151ce151711c301f4a0623c/sdk-common-26.0.1.jar
7f06cd795000-7f06cd799000 r--s 00023000 08:06 2883953                    /home/lidia/.gradle/caches/jars-3/186e268c3a12c0a405d658dabf9d64d2/manifest-merger-26.0.1.jar
7f06cd799000-7f06cd79d000 r--s 0002e000 08:06 2883951                    /home/lidia/.gradle/caches/jars-3/c519ce7b2f3637e909703f541c08c445/compilerCommon-3.0.1.jar
7f06cd79d000-7f06cd79f000 r--s 00003000 08:06 2883949                    /home/lidia/.gradle/caches/jars-3/34cfdbf6cad3f54cc2f45521bf0374e7/gradle-api-3.0.1.jar
7f06cd79f000-7f06cd7ae000 r--s 000cb000 08:06 2883947                    /home/lidia/.gradle/caches/jars-3/e5c09abb4b0acf0785ecd8a8015ab959/uast-26.0.1.jar
7f06cd7ae000-7f06cd7b5000 r--s 0007f000 08:06 2883945                    /home/lidia/.gradle/caches/jars-3/b1f5a73634581e955e7f89376aea2d48/lint-api-26.0.1.jar
7f06cd7b5000-7f06cd7be000 r--s 000ff000 08:06 2883943                    /home/lidia/.gradle/caches/jars-3/75e696a5531ca85e1fe447df83f74bd2/lint-checks-26.0.1.jar
7f06cd7be000-7f06cd7c1000 r--s 00039000 08:06 2883941                    /home/lidia/.gradle/caches/jars-3/7fa6c4fcdd1d81db4cc9c7439ce29486/lint-26.0.1.jar
7f06cd7c1000-7f06cd7f1000 r--s 01983000 08:06 2883939                    /home/lidia/.gradle/caches/jars-3/add7f1627b730db059119a8274a10c21/builder-3.0.1.jar
7f06cd7f1000-7f06cd814000 r--s 0020b000 08:06 2883937                    /home/lidia/.gradle/caches/jars-3/4adae2b762c8552c6e3aa2ded1493e4b/gradle-core-3.0.1.jar
7f06cd814000-7f06cd816000 r--s 0000f000 08:06 2883935                    /home/lidia/.gradle/caches/jars-3/afd86a0d8507fd7f2e97461eaf9e4416/gradle-3.0.1.jar
7f06cd816000-7f06cda16000 rw-p 00000000 00:00 0 
7f06cda16000-7f06cda19000 ---p 00000000 00:00 0 
7f06cda19000-7f06cdb17000 rw-p 00000000 00:00 0 
7f06cdb17000-7f06cdb1a000 ---p 00000000 00:00 0 
7f06cdb1a000-7f06cde18000 rw-p 00000000 00:00 0 
7f06cde18000-7f06cde1b000 ---p 00000000 00:00 0 
7f06cde1b000-7f06ce119000 rw-p 00000000 00:00 0 
7f06ce119000-7f06ce319000 rw-p 00000000 00:00 0 
7f06ce319000-7f06ce519000 rw-p 00000000 00:00 0 
7f06ce519000-7f06ce719000 rw-p 00000000 00:00 0 
7f06ce719000-7f06ce919000 rw-p 00000000 00:00 0 
7f06ce919000-7f06ce992000 r--s 010fd000 08:06 1589818                    /opt/android-studio/jre/lib/tools.jar
7f06ce992000-7f06ceb92000 rw-p 00000000 00:00 0 
7f06ceb92000-7f06ceb95000 ---p 00000000 00:00 0 
7f06ceb95000-7f06cec93000 rw-p 00000000 00:00 0 
7f06cec93000-7f06cec96000 ---p 00000000 00:00 0 
7f06cec96000-7f06ced94000 rw-p 00000000 00:00 0 
7f06ced94000-7f06ced97000 ---p 00000000 00:00 0 
7f06ced97000-7f06cf095000 rw-p 00000000 00:00 0 
7f06cf095000-7f06cf098000 ---p 00000000 00:00 0 
7f06cf098000-7f06cf196000 rw-p 00000000 00:00 0 
7f06cf196000-7f06cf199000 ---p 00000000 00:00 0 
7f06cf199000-7f06cf297000 rw-p 00000000 00:00 0 
7f06cf297000-7f06cf29a000 ---p 00000000 00:00 0 
7f06cf29a000-7f06cf398000 rw-p 00000000 00:00 0 
7f06cf398000-7f06cf39b000 ---p 00000000 00:00 0 
7f06cf39b000-7f06cf499000 rw-p 00000000 00:00 0 
7f06cf499000-7f06cf49c000 ---p 00000000 00:00 0 
7f06cf49c000-7f06cf59a000 rw-p 00000000 00:00 0 
7f06cf59a000-7f06cf59d000 ---p 00000000 00:00 0 
7f06cf59d000-7f06cf69b000 rw-p 00000000 00:00 0 
7f06cf69b000-7f06cf69e000 ---p 00000000 00:00 0 
7f06cf69e000-7f06cf79c000 rw-p 00000000 00:00 0 
7f06cf79c000-7f06cf7a3000 r--s 00000000 08:06 3272424                    /usr/lib/x86_64-linux-gnu/gconv/gconv-modules.cache
7f06cf7a3000-7f06cf7a6000 ---p 00000000 00:00 0 
7f06cf7a6000-7f06cf8a4000 rw-p 00000000 00:00 0 
7f06cf8a4000-7f06cf8a9000 r--s 0009a000 08:06 1589943                    /opt/android-studio/jre/jre/lib/jsse.jar
7f06cf8a9000-7f06cfaa9000 rw-p 00000000 00:00 0 
7f06cfaa9000-7f06cfab2000 r-xp 00000000 08:06 1589896                    /opt/android-studio/jre/jre/lib/amd64/libmanagement.so
7f06cfab2000-7f06cfcb1000 ---p 00009000 08:06 1589896                    /opt/android-studio/jre/jre/lib/amd64/libmanagement.so
7f06cfcb1000-7f06cfcb2000 r--p 00008000 08:06 1589896                    /opt/android-studio/jre/jre/lib/amd64/libmanagement.so
7f06cfcb2000-7f06cfcb3000 rw-p 00009000 08:06 1589896                    /opt/android-studio/jre/jre/lib/amd64/libmanagement.so
7f06cfcb3000-7f06cfcb5000 r--s 00007000 08:06 2703819                    /home/lidia/.gradle/wrapper/dists/gradle-4.1-all/bzyivzo6n839fup2jbap0tjew/gradle-4.1/lib/plugins/gradle-tooling-api-builders-4.1.jar
7f06cfcb5000-7f06cfcb8000 r--s 00009000 08:06 2703829                    /home/lidia/.gradle/wrapper/dists/gradle-4.1-all/bzyivzo6n839fup2jbap0tjew/gradle-4.1/lib/plugins/gradle-testing-native-4.1.jar
7f06cfcb8000-7f06cfcba000 r--s 00009000 08:06 2703902                    /home/lidia/.gradle/wrapper/dists/gradle-4.1-all/bzyivzo6n839fup2jbap0tjew/gradle-4.1/lib/plugins/hamcrest-core-1.3.jar
7f06cfcba000-7f06cfcbf000 r--s 00040000 08:06 2703897                    /home/lidia/.gradle/wrapper/dists/gradle-4.1-all/bzyivzo6n839fup2jbap0tjew/gradle-4.1/lib/plugins/bsh-2.0b4.jar
7f06cfcbf000-7f06cfcc1000 r--s 00006000 08:06 2703898                    /home/lidia/.gradle/wrapper/dists/gradle-4.1-all/bzyivzo6n839fup2jbap0tjew/gradle-4.1/lib/plugins/jcommander-1.12.jar
7f06cfcc1000-7f06cfcc7000 r--s 00033000 08:06 2703899                    /home/lidia/.gradle/wrapper/dists/gradle-4.1-all/bzyivzo6n839fup2jbap0tjew/gradle-4.1/lib/plugins/snakeyaml-1.6.jar
7f06cfcc7000-7f06cfcd0000 r--s 00089000 08:06 2703857                    /home/lidia/.gradle/wrapper/dists/gradle-4.1-all/bzyivzo6n839fup2jbap0tjew/gradle-4.1/lib/plugins/testng-6.3.1.jar
7f06cfcd0000-7f06cfcd8000 r--s 00045000 08:06 2703858                    /home/lidia/.gradle/wrapper/dists/gradle-4.1-all/bzyivzo6n839fup2jbap0tjew/gradle-4.1/lib/plugins/junit-4.12.jar
7f06cfcd8000-7f06cfcde000 r--s 0002e000 08:06 2703825                    /home/lidia/.gradle/wrapper/dists/gradle-4.1-all/bzyivzo6n839fup2jbap0tjew/gradle-4.1/lib/plugins/gradle-testing-jvm-4.1.jar
7f06cfcde000-7f06cfce2000 r--s 00017000 08:06 2703833                    /home/lidia/.gradle/wrapper/dists/gradle-4.1-all/bzyivzo6n839fup2jbap0tjew/gradle-4.1/lib/plugins/gradle-testing-base-4.1.jar
7f06cfce2000-7f06cfce9000 r--s 00038000 08:06 2703853                    /home/lidia/.gradle/wrapper/dists/gradle-4.1-all/bzyivzo6n839fup2jbap0tjew/gradle-4.1/lib/plugins/bcpg-jdk15on-1.51.jar
7f06cfce9000-7f06cfceb000 r--s 0000c000 08:06 2703804                    /home/lidia/.gradle/wrapper/dists/gradle-4.1-all/bzyivzo6n839fup2jbap0tjew/gradle-4.1/lib/plugins/gradle-signing-4.1.jar
7f06cfceb000-7f06cfced000 r--s 00007000 08:06 2703810                    /home/lidia/.gradle/wrapper/dists/gradle-4.1-all/bzyivzo6n839fup2jbap0tjew/gradle-4.1/lib/plugins/gradle-scala-4.1.jar
7f06cfced000-7f06cfcee000 r--s 00004000 08:06 2703841                    /home/lidia/.gradle/wrapper/dists/gradle-4.1-all/bzyivzo6n839fup2jbap0tjew/gradle-4.1/lib/plugins/gradle-resources-sftp-4.1.jar
7f06cfcee000-7f06cfcfe000 r--s 00088000 08:06 2703870                    /home/lidia/.gradle/wrapper/dists/gradle-4.1-all/bzyivzo6n839fup2jbap0tjew/gradle-4.1/lib/plugins/joda-time-2.8.2.jar
7f06cfcfe000-7f06cfd0f000 r--s 0010d000 08:06 2703869                    /home/lidia/.gradle/wrapper/dists/gradle-4.1-all/bzyivzo6n839fup2jbap0tjew/gradle-4.1/lib/plugins/jackson-databind-2.6.6.jar
7f06cfd0f000-7f06cfd12000 r--s 00009000 08:06 2703868                    /home/lidia/.gradle/wrapper/dists/gradle-4.1-all/bzyivzo6n839fup2jbap0tjew/gradle-4.1/lib/plugins/jackson-annotations-2.6.6.jar
7f06cfd12000-7f06cfd16000 r--s 0003c000 08:06 2703867                    /home/lidia/.gradle/wrapper/dists/gradle-4.1-all/bzyivzo6n839fup2jbap0tjew/gradle-4.1/lib/plugins/jackson-core-2.6.6.jar
7f06cfd16000-7f06cfd24000 r--s 00087000 08:06 2703866                    /home/lidia/.gradle/wrapper/dists/gradle-4.1-all/bzyivzo6n839fup2jbap0tjew/gradle-4.1/lib/plugins/aws-java-sdk-core-1.11.6.jar
7f06cfd24000-7f06cfd2b000 r--s 00057000 08:06 2703865                    /home/lidia/.gradle/wrapper/dists/gradle-4.1-all/bzyivzo6n839fup2jbap0tjew/gradle-4.1/lib/plugins/aws-java-sdk-kms-1.11.6.jar
7f06cfd2b000-7f06cfd38000 r--s 0008e000 08:06 2703864                    /home/lidia/.gradle/wrapper/dists/gradle-4.1-all/bzyivzo6n839fup2jbap0tjew/gradle-4.1/lib/plugins/aws-java-sdk-s3-1.11.6.jar
7f06cfd38000-7f06cfd3a000 r--s 00004000 08:06 2703838                    /home/lidia/.gradle/wrapper/dists/gradle-4.1-all/bzyivzo6n839fup2jbap0tjew/gradle-4.1/lib/plugins/gradle-resources-s3-4.1.jar
7f06cfd3a000-7f06cfd3c000 r--s 00010000 08:06 2703834                    /home/lidia/.gradle/wrapper/dists/gradle-4.1-all/bzyivzo6n839fup2jbap0tjew/gradle-4.1/lib/plugins/gradle-reporting-4.1.jar
7f06cfd3c000-7f06cfd3e000 r--s 00002000 08:06 2703835                    /home/lidia/.gradle/wrapper/dists/gradle-4.1-all/bzyivzo6n839fup2jbap0tjew/gradle-4.1/lib/plugins/gradle-publish-4.1.jar
7f06cfd3e000-7f06cfd40000 r--s 00009000 08:06 2703846                    /home/lidia/.gradle/wrapper/dists/gradle-4.1-all/bzyivzo6n839fup2jbap0tjew/gradle-4.1/lib/plugins/commons-cli-1.2.jar
7f06cfd40000-7f06cfd46000 r--s 00036000 08:06 2703818                    /home/lidia/.gradle/wrapper/dists/gradle-4.1-all/bzyivzo6n839fup2jbap0tjew/gradle-4.1/lib/plugins/gradle-plugins-4.1.jar
7f06cfd46000-7f06cfd48000 r--s 00009000 08:06 2703805                    /home/lidia/.gradle/wrapper/dists/gradle-4.1-all/bzyivzo6n839fup2jbap0tjew/gradle-4.1/lib/plugins/gradle-plugin-development-4.1.jar
7f06cfd48000-7f06cfd4e000 r--s 0002b000 08:06 2703813                    /home/lidia/.gradle/wrapper/dists/gradle-4.1-all/bzyivzo6n839fup2jbap0tjew/gradle-4.1/lib/plugins/gradle-platform-play-4.1.jar
7f06cfd4e000-7f06cfd5d000 r--s 0005b000 08:06 2703831                    /home/lidia/.gradle/wrapper/dists/gradle-4.1-all/bzyivzo6n839fup2jbap0tjew/gradle-4.1/lib/plugins/gradle-platform-native-4.1.jar
7f06cfd5d000-7f06cfd61000 r--s 0001b000 08:06 2703828                    /home/lidia/.gradle/wrapper/dists/gradle-4.1-all/bzyivzo6n839fup2jbap0tjew/gradle-4.1/lib/plugins/gradle-platform-jvm-4.1.jar
7f06cfd61000-7f06cfd69000 r--s 00027000 08:06 2703836                    /home/lidia/.gradle/wrapper/dists/gradle-4.1-all/bzyivzo6n839fup2jbap0tjew/gradle-4.1/lib/plugins/gradle-platform-base-4.1.jar
7f06cfd69000-7f06cfd91000 r--s 0021c000 08:06 2703847                    /home/lidia/.gradle/wrapper/dists/gradle-4.1-all/bzyivzo6n839fup2jbap0tjew/gradle-4.1/lib/plugins/biz.aQute.bndlib-3.2.0.jar
7f06cfd91000-7f06cfd92000 r--s 00004000 08:06 2703803                    /home/lidia/.gradle/wrapper/dists/gradle-4.1-all/bzyivzo6n839fup2jbap0tjew/gradle-4.1/lib/plugins/gradle-osgi-4.1.jar
7f06cfd92000-7f06cfd95000 r--s 0000c000 08:06 2703850                    /home/lidia/.gradle/wrapper/dists/gradle-4.1-all/bzyivzo6n839fup2jbap0tjew/gradle-4.1/lib/plugins/pmaven-groovy-0.8-20100325.jar
7f06cfd95000-7f06cfd96000 r--s 00004000 08:06 2703849                    /home/lidia/.gradle/wrapper/dists/gradle-4.1-all/bzyivzo6n839fup2jbap0tjew/gradle-4.1/lib/plugins/pmaven-common-0.8-20100325.jar
7f06cfd96000-7f06cfd9c000 r--s 00023000 08:06 2703806                    /home/lidia/.gradle/wrapper/dists/gradle-4.1-all/bzyivzo6n839fup2jbap0tjew/gradle-4.1/lib/plugins/gradle-maven-4.1.jar
7f06cfd9c000-7f06cfd9f000 r--s 0000b000 08:06 2703824                    /home/lidia/.gradle/wrapper/dists/gradle-4.1-all/bzyivzo6n839fup2jbap0tjew/gradle-4.1/lib/plugins/gradle-language-scala-4.1.jar
7f06cfd9f000-7f06cfda6000 r--s 00020000 08:06 2703830                    /home/lidia/.gradle/wrapper/dists/gradle-4.1-all/bzyivzo6n839fup2jbap0tjew/gradle-4.1/lib/plugins/gradle-language-native-4.1.jar
7f06cfda6000-7f06cfda8000 r--s 00005000 08:06 2703827                    /home/lidia/.gradle/wrapper/dists/gradle-4.1-all/bzyivzo6n839fup2jbap0tjew/gradle-4.1/lib/plugins/gradle-language-jvm-4.1.jar
7f06cfda8000-7f06cfdaf000 r--s 0002f000 08:06 2703826                    /home/lidia/.gradle/wrapper/dists/gradle-4.1-all/bzyivzo6n839fup2jbap0tjew/gradle-4.1/lib/plugins/gradle-language-java-4.1.jar
7f06cfdaf000-7f06cfdb2000 r--s 0000a000 08:06 2703823                    /home/lidia/.gradle/wrapper/dists/gradle-4.1-all/bzyivzo6n839fup2jbap0tjew/gradle-4.1/lib/plugins/gradle-language-groovy-4.1.jar
7f06cfdb2000-7f06cfdb9000 r--s 00035000 08:06 2703856                    /home/lidia/.gradle/wrapper/dists/gradle-4.1-all/bzyivzo6n839fup2jbap0tjew/gradle-4.1/lib/plugins/simple-4.1.21.jar
7f06cfdb9000-7f06cfdc5000 r--s 00100000 08:06 2703854                    /home/lidia/.gradle/wrapper/dists/gradle-4.1-all/bzyivzo6n839fup2jbap0tjew/gradle-4.1/lib/plugins/rhino-1.7R3.jar
7f06cfdc5000-7f06cfdc9000 r--s 00012000 08:06 2703814                    /home/lidia/.gradle/wrapper/dists/gradle-4.1-all/bzyivzo6n839fup2jbap0tjew/gradle-4.1/lib/plugins/gradle-javascript-4.1.jar
7f06cfdc9000-7f06cfdcc000 r--s 00011000 08:06 2703816                    /home/lidia/.gradle/wrapper/dists/gradle-4.1-all/bzyivzo6n839fup2jbap0tjew/gradle-4.1/lib/plugins/gradle-jacoco-4.1.jar
7f06cfdcc000-7f06cfdcf000 r--s 0000e000 08:06 2703815                    /home/lidia/.gradle/wrapper/dists/gradle-4.1-all/bzyivzo6n839fup2jbap0tjew/gradle-4.1/lib/plugins/gradle-ivy-4.1.jar
7f06cfdcf000-7f06cfdd0000 r--s 00002000 08:06 2703807                    /home/lidia/.gradle/wrapper/dists/gradle-4.1-all/bzyivzo6n839fup2jbap0tjew/gradle-4.1/lib/plugins/gradle-ide-play-4.1.jar
7f06cfdd0000-7f06cfdd3000 r--s 00013000 08:06 2703808                    /home/lidia/.gradle/wrapper/dists/gradle-4.1-all/bzyivzo6n839fup2jbap0tjew/gradle-4.1/lib/plugins/gradle-ide-native-4.1.jar
7f06cfdd3000-7f06cfddd000 r--s 00054000 08:06 2703809                    /home/lidia/.gradle/wrapper/dists/gradle-4.1-all/bzyivzo6n839fup2jbap0tjew/gradle-4.1/lib/plugins/gradle-ide-4.1.jar
7f06cfddd000-7f06cfddf000 r--s 00007000 08:06 2703812                    /home/lidia/.gradle/wrapper/dists/gradle-4.1-all/bzyivzo6n839fup2jbap0tjew/gradle-4.1/lib/plugins/gradle-ear-4.1.jar
7f06cfddf000-7f06cfde1000 r--s 00005000 08:06 2703844                    /home/lidia/.gradle/wrapper/dists/gradle-4.1-all/bzyivzo6n839fup2jbap0tjew/gradle-4.1/lib/plugins/jatl-0.2.2.jar
7f06cfde1000-7f06cfde8000 r--s 00038000 08:06 2703832                    /home/lidia/.gradle/wrapper/dists/gradle-4.1-all/bzyivzo6n839fup2jbap0tjew/gradle-4.1/lib/plugins/gradle-diagnostics-4.1.jar
7f06cfde8000-7f06cfdea000 r--s 0000b000 08:06 2703821                    /home/lidia/.gradle/wrapper/dists/gradle-4.1-all/bzyivzo6n839fup2jbap0tjew/gradle-4.1/lib/plugins/gradle-composite-builds-4.1.jar
7f06cfdea000-7f06cfe00000 r-xp 00000000 08:06 2215002                    /lib/x86_64-linux-gnu/libgcc_s.so.1
7f06cfe00000-7f06cffff000 ---p 00016000 08:06 2215002                    /lib/x86_64-linux-gnu/libgcc_s.so.1
7f06cffff000-7f06d0000000 rw-p 00015000 08:06 2215002                    /lib/x86_64-linux-gnu/libgcc_s.so.1
7f06d0000000-7f06d0a58000 rw-p 00000000 00:00 0 
7f06d0a58000-7f06d4000000 ---p 00000000 00:00 0 
7f06d4000000-7f06d4134000 rw-p 00000000 00:00 0 
7f06d4134000-7f06d8000000 ---p 00000000 00:00 0 
7f06d8000000-7f06d8021000 rw-p 00000000 00:00 0 
7f06d8021000-7f06dc000000 ---p 00000000 00:00 0 
7f06dc000000-7f06de606000 rw-p 00000000 00:00 0 
7f06de606000-7f06e0000000 ---p 00000000 00:00 0 
7f06e0000000-7f06e0096000 rw-p 00000000 00:00 0 
7f06e0096000-7f06e4000000 ---p 00000000 00:00 0 
7f06e4000000-7f06e4021000 rw-p 00000000 00:00 0 
7f06e4021000-7f06e8000000 ---p 00000000 00:00 0 
7f06e8000000-7f06e80df000 rw-p 00000000 00:00 0 
7f06e80df000-7f06ec000000 ---p 00000000 00:00 0 
7f06ec000000-7f06ec2b0000 rw-p 00000000 00:00 0 
7f06ec2b0000-7f06f0000000 ---p 00000000 00:00 0 
7f06f0000000-7f06f07e6000 rw-p 00000000 00:00 0 
7f06f07e6000-7f06f4000000 ---p 00000000 00:00 0 
7f06f4000000-7f06f4005000 r--s 00025000 08:06 2703801                    /home/lidia/.gradle/wrapper/dists/gradle-4.1-all/bzyivzo6n839fup2jbap0tjew/gradle-4.1/lib/plugins/gradle-code-quality-4.1.jar
7f06f4005000-7f06f400a000 r--s 00022000 08:06 2703817                    /home/lidia/.gradle/wrapper/dists/gradle-4.1-all/bzyivzo6n839fup2jbap0tjew/gradle-4.1/lib/plugins/gradle-build-init-4.1.jar
7f06f400a000-7f06f4010000 r--s 0008e000 08:06 2703811                    /home/lidia/.gradle/wrapper/dists/gradle-4.1-all/bzyivzo6n839fup2jbap0tjew/gradle-4.1/lib/plugins/gradle-build-comparison-4.1.jar
7f06f4010000-7f06f4011000 r--s 00002000 08:06 2703839                    /home/lidia/.gradle/wrapper/dists/gradle-4.1-all/bzyivzo6n839fup2jbap0tjew/gradle-4.1/lib/plugins/gradle-build-cache-http-4.1.jar
7f06f4011000-7f06f4013000 r--s 00008000 08:06 2703802                    /home/lidia/.gradle/wrapper/dists/gradle-4.1-all/bzyivzo6n839fup2jbap0tjew/gradle-4.1/lib/plugins/gradle-antlr-4.1.jar
7f06f4013000-7f06f4015000 r--s 00004000 08:06 2703822                    /home/lidia/.gradle/wrapper/dists/gradle-4.1-all/bzyivzo6n839fup2jbap0tjew/gradle-4.1/lib/plugins/gradle-announce-4.1.jar
7f06f4015000-7f06f4017000 r--s 00008000 08:06 2703742                    /home/lidia/.gradle/wrapper/dists/gradle-4.1-all/bzyivzo6n839fup2jbap0tjew/gradle-4.1/lib/gradle-kotlin-dsl-tooling-builders-0.10.3.jar
7f06f4017000-7f06f401a000 r--s 0001c000 08:06 2703860                    /home/lidia/.gradle/wrapper/dists/gradle-4.1-all/bzyivzo6n839fup2jbap0tjew/gradle-4.1/lib/plugins/nekohtml-1.9.14.jar
7f06f401a000-7f06f4022000 r--s 00028000 08:06 2703901                    /home/lidia/.gradle/wrapper/dists/gradle-4.1-all/bzyivzo6n839fup2jbap0tjew/gradle-4.1/lib/plugins/xml-apis-1.3.04.jar
7f06f4022000-7f06f403a000 r--s 00115000 08:06 2703861                    /home/lidia/.gradle/wrapper/dists/gradle-4.1-all/bzyivzo6n839fup2jbap0tjew/gradle-4.1/lib/plugins/xercesImpl-2.9.1.jar
7f06f403a000-7f06f4040000 r--s 0005b000 08:06 2703859                    /home/lidia/.gradle/wrapper/dists/gradle-4.1-all/bzyivzo6n839fup2jbap0tjew/gradle-4.1/lib/plugins/jcifs-1.3.17.jar
7f06f4040000-7f06f4047000 r--s 00049000 08:06 2703900                    /home/lidia/.gradle/wrapper/dists/gradle-4.1-all/bzyivzo6n839fup2jbap0tjew/gradle-4.1/lib/plugins/httpcore-4.4.4.jar
7f06f4047000-7f06f404d000 r--s 00033000 08:06 2703852                    /home/lidia/.gradle/wrapper/dists/gradle-4.1-all/bzyivzo6n839fup2jbap0tjew/gradle-4.1/lib/plugins/commons-codec-1.6.jar
7f06f404d000-7f06f405a000 r--s 000a4000 08:06 2703845                    /home/lidia/.gradle/wrapper/dists/gradle-4.1-all/bzyivzo6n839fup2jbap0tjew/gradle-4.1/lib/plugins/httpclient-4.4.1.jar
7f06f405a000-7f06f405c000 r--s 0000b000 08:06 2703840                    /home/lidia/.gradle/wrapper/dists/gradle-4.1-all/bzyivzo6n839fup2jbap0tjew/gradle-4.1/lib/plugins/gradle-resources-http-4.1.jar
7f06f405c000-7f06f4060000 r--s 00017000 08:06 2703837                    /home/lidia/.gradle/wrapper/dists/gradle-4.1-all/bzyivzo6n839fup2jbap0tjew/gradle-4.1/lib/plugins/gradle-plugin-use-4.1.jar
7f06f4060000-7f06f4061000 r--s 00000000 08:06 2703748                    /home/lidia/.gradle/wrapper/dists/gradle-4.1-all/bzyivzo6n839fup2jbap0tjew/gradle-4.1/lib/gradle-runtime-api-info-4.1.jar
7f06f4061000-7f06f4062000 r--s 00000000 08:06 2703751                    /home/lidia/.gradle/wrapper/dists/gradle-4.1-all/bzyivzo6n839fup2jbap0tjew/gradle-4.1/lib/gradle-installation-beacon-4.1.jar
7f06f4062000-7f06f40a2000 r--s 00277000 08:06 2703872                    /home/lidia/.gradle/wrapper/dists/gradle-4.1-all/bzyivzo6n839fup2jbap0tjew/gradle-4.1/lib/plugins/bcprov-jdk15on-1.51.jar
7f06f40a2000-7f06f40a6000 r--s 0001d000 08:06 2703871                    /home/lidia/.gradle/wrapper/dists/gradle-4.1-all/bzyivzo6n839fup2jbap0tjew/gradle-4.1/lib/plugins/xbean-reflect-3.4.jar
7f06f40a6000-7f06f40a8000 r--s 0000a000 08:06 2703873                    /home/lidia/.gradle/wrapper/dists/gradle-4.1-all/bzyivzo6n839fup2jbap0tjew/gradle-4.1/lib/plugins/maven-settings-3.0.4.jar
7f06f40a8000-7f06f40ab000 r--s 00008000 08:06 2703874                    /home/lidia/.gradle/wrapper/dists/gradle-4.1-all/bzyivzo6n839fup2jbap0tjew/gradle-4.1/lib/plugins/maven-settings-builder-3.0.4.jar
7f06f40ab000-7f06f40af000 r--s 00033000 08:06 2703875                    /home/lidia/.gradle/wrapper/dists/gradle-4.1-all/bzyivzo6n839fup2jbap0tjew/gradle-4.1/lib/plugins/plexus-utils-2.0.6.jar
7f06f40af000-7f06f40b1000 r--s 0000d000 08:06 2703876                    /home/lidia/.gradle/wrapper/dists/gradle-4.1-all/bzyivzo6n839fup2jbap0tjew/gradle-4.1/lib/plugins/plexus-interpolation-1.14.jar
7f06f40b1000-7f06f40b3000 r--s 00000000 08:06 2703851                    /home/lidia/.gradle/wrapper/dists/gradle-4.1-all/bzyivzo6n839fup2jbap0tjew/gradle-4.1/lib/plugins/plexus-component-annotations-1.5.5.jar
7f06f40b3000-7f06f40ba000 r--s 0002e000 08:06 2703877                    /home/lidia/.gradle/wrapper/dists/gradle-4.1-all/bzyivzo6n839fup2jbap0tjew/gradle-4.1/lib/plugins/plexus-container-default-1.5.5.jar
7f06f40ba000-7f06f40bc000 r--s 0000a000 08:06 2703878                    /home/lidia/.gradle/wrapper/dists/gradle-4.1-all/bzyivzo6n839fup2jbap0tjew/gradle-4.1/lib/plugins/plexus-classworlds-2.4.jar
7f06f40bc000-7f06f40be000 r--s 00002000 08:06 2703879                    /home/lidia/.gradle/wrapper/dists/gradle-4.1-all/bzyivzo6n839fup2jbap0tjew/gradle-4.1/lib/plugins/plexus-cipher-1.7.jar
7f06f40be000-7f06f40bf000 r--s 00006000 08:06 2703880                    /home/lidia/.gradle/wrapper/dists/gradle-4.1-all/bzyivzo6n839fup2jbap0tjew/gradle-4.1/lib/plugins/plexus-sec-dispatcher-1.3.jar
7f06f40bf000-7f06f40c5000 r--s 0003f000 08:06 2703881                    /home/lidia/.gradle/wrapper/dists/gradle-4.1-all/bzyivzo6n839fup2jbap0tjew/gradle-4.1/lib/plugins/maven-compat-3.0.4.jar
7f06f40c5000-7f06f40c9000 r--s 00021000 08:06 2703882                    /home/lidia/.gradle/wrapper/dists/gradle-4.1-all/bzyivzo6n839fup2jbap0tjew/gradle-4.1/lib/plugins/maven-model-builder-3.0.4.jar
7f06f40c9000-7f06f40cb000 r--s 00026000 08:06 2703883                    /home/lidia/.gradle/wrapper/dists/gradle-4.1-all/bzyivzo6n839fup2jbap0tjew/gradle-4.1/lib/plugins/maven-model-3.0.4.jar
7f06f40cb000-7f06f40cd000 r--s 0000b000 08:06 2703884                    /home/lidia/.gradle/wrapper/dists/gradle-4.1-all/bzyivzo6n839fup2jbap0tjew/gradle-4.1/lib/plugins/maven-artifact-3.0.4.jar
7f06f40cd000-7f06f40cf000 r--s 00006000 08:06 2703885                    /home/lidia/.gradle/wrapper/dists/gradle-4.1-all/bzyivzo6n839fup2jbap0tjew/gradle-4.1/lib/plugins/maven-repository-metadata-3.0.4.jar
7f06f40cf000-7f06f40d1000 r--s 0000b000 08:06 2703886                    /home/lidia/.gradle/wrapper/dists/gradle-4.1-all/bzyivzo6n839fup2jbap0tjew/gradle-4.1/lib/plugins/maven-plugin-api-3.0.4.jar
7f06f40d1000-7f06f40d3000 r--s 0000c000 08:06 2703887                    /home/lidia/.gradle/wrapper/dists/gradle-4.1-all/bzyivzo6n839fup2jbap0tjew/gradle-4.1/lib/plugins/maven-aether-provider-3.0.4.jar
7f06f40d3000-7f06f40d4000 r--s 00002000 08:06 2703888                    /home/lidia/.gradle/wrapper/dists/gradle-4.1-all/bzyivzo6n839fup2jbap0tjew/gradle-4.1/lib/plugins/wagon-file-2.4.jar
7f06f40d4000-7f06f40d5000 r--s 00002000 08:06 2703889                    /home/lidia/.gradle/wrapper/dists/gradle-4.1-all/bzyivzo6n839fup2jbap0tjew/gradle-4.1/lib/plugins/wagon-http-2.4.jar
7f06f40d5000-7f06f40d7000 r--s 0000b000 08:06 2703890                    /home/lidia/.gradle/wrapper/dists/gradle-4.1-all/bzyivzo6n839fup2jbap0tjew/gradle-4.1/lib/plugins/wagon-provider-api-2.4.jar
7f06f40d7000-7f06f40d8000 r--s 00007000 08:06 2703891                    /home/lidia/.gradle/wrapper/dists/gradle-4.1-all/bzyivzo6n839fup2jbap0tjew/gradle-4.1/lib/plugins/wagon-http-shared4-2.4.jar
7f06f40d8000-7f06f40db000 r--s 00013000 08:06 2703892                    /home/lidia/.gradle/wrapper/dists/gradle-4.1-all/bzyivzo6n839fup2jbap0tjew/gradle-4.1/lib/plugins/aether-api-1.13.1.jar
7f06f40db000-7f06f40de000 r--s 0001d000 08:06 2703893                    /home/lidia/.gradle/wrapper/dists/gradle-4.1-all/bzyivzo6n839fup2jbap0tjew/gradle-4.1/lib/plugins/aether-impl-1.13.1.jar
7f06f40de000-7f06f40df000 r--s 00003000 08:06 2703894                    /home/lidia/.gradle/wrapper/dists/gradle-4.1-all/bzyivzo6n839fup2jbap0tjew/gradle-4.1/lib/plugins/aether-spi-1.13.1.jar
7f06f40df000-7f06f40e3000 r--s 0001c000 08:06 2703895                    /home/lidia/.gradle/wrapper/dists/gradle-4.1-all/bzyivzo6n839fup2jbap0tjew/gradle-4.1/lib/plugins/aether-util-1.13.1.jar
7f06f40e3000-7f06f40ef000 r--s 0007d000 08:06 2703848                    /home/lidia/.gradle/wrapper/dists/gradle-4.1-all/bzyivzo6n839fup2jbap0tjew/gradle-4.1/lib/plugins/maven-core-3.0.4.jar
7f06f40ef000-7f06f4113000 r--s 0011a000 08:06 2703843                    /home/lidia/.gradle/wrapper/dists/gradle-4.1-all/bzyivzo6n839fup2jbap0tjew/gradle-4.1/lib/plugins/gradle-dependency-management-4.1.jar
7f06f4113000-7f06f4285000 r-xp 00000000 08:06 3236024                    /usr/lib/x86_64-linux-gnu/libstdc++.so.6.0.21
7f06f4285000-7f06f4485000 ---p 00172000 08:06 3236024                    /usr/lib/x86_64-linux-gnu/libstdc++.so.6.0.21
7f06f4485000-7f06f448f000 r--p 00172000 08:06 3236024                    /usr/lib/x86_64-linux-gnu/libstdc++.so.6.0.21
7f06f448f000-7f06f4491000 rw-p 0017c000 08:06 3236024                    /usr/lib/x86_64-linux-gnu/libstdc++.so.6.0.21
7f06f4491000-7f06f4495000 rw-p 00000000 00:00 0 
7f06f4495000-7f06f4497000 r--s 00006000 08:06 2703896                    /home/lidia/.gradle/wrapper/dists/gradle-4.1-all/bzyivzo6n839fup2jbap0tjew/gradle-4.1/lib/plugins/aether-connector-wagon-1.13.1.jar
7f06f4497000-7f06f449c000 r--s 00034000 08:06 2703855                    /home/lidia/.gradle/wrapper/dists/gradle-4.1-all/bzyivzo6n839fup2jbap0tjew/gradle-4.1/lib/plugins/gson-2.7.jar
7f06f449c000-7f06f44a1000 r--s 00040000 08:06 2703863                    /home/lidia/.gradle/wrapper/dists/gradle-4.1-all/bzyivzo6n839fup2jbap0tjew/gradle-4.1/lib/plugins/jsch-0.1.54.jar
7f06f44a1000-7f06f44b0000 r--s 000d9000 08:06 2703862                    /home/lidia/.gradle/wrapper/dists/gradle-4.1-all/bzyivzo6n839fup2jbap0tjew/gradle-4.1/lib/plugins/ivy-2.2.0.jar
7f06f44b0000-7f06f44b3000 r--s 0000d000 08:06 2703842                    /home/lidia/.gradle/wrapper/dists/gradle-4.1-all/bzyivzo6n839fup2jbap0tjew/gradle-4.1/lib/plugins/gradle-workers-4.1.jar
7f06f44b3000-7f06f44b8000 r-xp 00000000 08:06 2714324                    /home/lidia/.gradle/native/25/linux-amd64/libnative-platform.so
7f06f44b8000-7f06f46b7000 ---p 00005000 08:06 2714324                    /home/lidia/.gradle/native/25/linux-amd64/libnative-platform.so
7f06f46b7000-7f06f46b8000 rw-p 00004000 08:06 2714324                    /home/lidia/.gradle/native/25/linux-amd64/libnative-platform.so
7f06f46b8000-7f06f46c9000 r-xp 00000000 08:06 1589888                    /opt/android-studio/jre/jre/lib/amd64/libnio.so
7f06f46c9000-7f06f48c8000 ---p 00011000 08:06 1589888                    /opt/android-studio/jre/jre/lib/amd64/libnio.so
7f06f48c8000-7f06f48c9000 r--p 00010000 08:06 1589888                    /opt/android-studio/jre/jre/lib/amd64/libnio.so
7f06f48c9000-7f06f48ca000 rw-p 00011000 08:06 1589888                    /opt/android-studio/jre/jre/lib/amd64/libnio.so
7f06f48ca000-7f06f4bcb000 rw-p 00000000 00:00 0 
7f06f4bcb000-7f06f4be1000 r-xp 00000000 08:06 1589890                    /opt/android-studio/jre/jre/lib/amd64/libnet.so
7f06f4be1000-7f06f4de1000 ---p 00016000 08:06 1589890                    /opt/android-studio/jre/jre/lib/amd64/libnet.so
7f06f4de1000-7f06f4de2000 r--p 00016000 08:06 1589890                    /opt/android-studio/jre/jre/lib/amd64/libnet.so
7f06f4de2000-7f06f4de3000 rw-p 00017000 08:06 1589890                    /opt/android-studio/jre/jre/lib/amd64/libnet.so
7f06f4de3000-7f06f4de4000 r--s 00006000 08:06 2703750                    /home/lidia/.gradle/wrapper/dists/gradle-4.1-all/bzyivzo6n839fup2jbap0tjew/gradle-4.1/lib/gradle-wrapper-4.1.jar
7f06f4de4000-7f06f4df1000 r--s 00043000 08:06 2703749                    /home/lidia/.gradle/wrapper/dists/gradle-4.1-all/bzyivzo6n839fup2jbap0tjew/gradle-4.1/lib/gradle-tooling-api-4.1.jar
7f06f4df1000-7f06f4e00000 r--s 000c8000 08:06 2703746                    /home/lidia/.gradle/wrapper/dists/gradle-4.1-all/bzyivzo6n839fup2jbap0tjew/gradle-4.1/lib/kotlin-stdlib-1.1.3-2.jar
7f06f4e00000-7f06f4e32000 r--s 0021b000 08:06 2703745                    /home/lidia/.gradle/wrapper/dists/gradle-4.1-all/bzyivzo6n839fup2jbap0tjew/gradle-4.1/lib/kotlin-reflect-1.1.3-2.jar
7f06f4e32000-7f06f4fe9000 r--s 01786000 08:06 2703744                    /home/lidia/.gradle/wrapper/dists/gradle-4.1-all/bzyivzo6n839fup2jbap0tjew/gradle-4.1/lib/kotlin-compiler-embeddable-1.1.3-2.jar
7f06f4fe9000-7f06f4fea000 r--s 00000000 08:06 2703743                    /home/lidia/.gradle/wrapper/dists/gradle-4.1-all/bzyivzo6n839fup2jbap0tjew/gradle-4.1/lib/gradle-kotlin-dsl-tooling-models-0.10.3.jar
7f06f4fea000-7f06f4feb000 r--s 00001000 08:06 2703741                    /home/lidia/.gradle/wrapper/dists/gradle-4.1-all/bzyivzo6n839fup2jbap0tjew/gradle-4.1/lib/gradle-kotlin-dsl-compiler-plugin-0.10.3.jar
7f06f4feb000-7f06f4fed000 r--s 00003000 08:06 2703739                    /home/lidia/.gradle/wrapper/dists/gradle-4.1-all/bzyivzo6n839fup2jbap0tjew/gradle-4.1/lib/annotations-13.0.jar
7f06f4fed000-7f06f4ff7000 r--s 00073000 08:06 2703740                    /home/lidia/.gradle/wrapper/dists/gradle-4.1-all/bzyivzo6n839fup2jbap0tjew/gradle-4.1/lib/gradle-kotlin-dsl-0.10.3.jar
7f06f4ff7000-7f06f4ffc000 r--s 00013000 08:06 2703756                    /home/lidia/.gradle/wrapper/dists/gradle-4.1-all/bzyivzo6n839fup2jbap0tjew/gradle-4.1/lib/gradle-resources-4.1.jar
7f06f4ffc000-7f06f4ffe000 r--s 00005000 08:06 2703763                    /home/lidia/.gradle/wrapper/dists/gradle-4.1-all/bzyivzo6n839fup2jbap0tjew/gradle-4.1/lib/gradle-cli-4.1.jar
7f06f4ffe000-7f06f5000000 r--s 00003000 08:06 2703770                    /home/lidia/.gradle/wrapper/dists/gradle-4.1-all/bzyivzo6n839fup2jbap0tjew/gradle-4.1/lib/jcl-over-slf4j-1.7.10.jar
7f06f5000000-7f06f5001000 r--s 00005000 08:06 2703769                    /home/lidia/.gradle/wrapper/dists/gradle-4.1-all/bzyivzo6n839fup2jbap0tjew/gradle-4.1/lib/log4j-over-slf4j-1.7.10.jar
7f06f5001000-7f06f5003000 r--s 00000000 08:06 2703768                    /home/lidia/.gradle/wrapper/dists/gradle-4.1-all/bzyivzo6n839fup2jbap0tjew/gradle-4.1/lib/jul-to-slf4j-1.7.10.jar
7f06f5003000-7f06f500a000 r--s 0002c000 08:06 2703754                    /home/lidia/.gradle/wrapper/dists/gradle-4.1-all/bzyivzo6n839fup2jbap0tjew/gradle-4.1/lib/gradle-logging-4.1.jar
7f06f500a000-7f06f501a000 r--s 00082000 08:06 2703759                    /home/lidia/.gradle/wrapper/dists/gradle-4.1-all/bzyivzo6n839fup2jbap0tjew/gradle-4.1/lib/gradle-model-core-4.1.jar
7f06f501a000-7f06f501c000 r--s 00006000 08:06 2703760                    /home/lidia/.gradle/wrapper/dists/gradle-4.1-all/bzyivzo6n839fup2jbap0tjew/gradle-4.1/lib/gradle-base-services-groovy-4.1.jar
7f06f501c000-7f06f501e000 r--s 00007000 08:06 2703758                    /home/lidia/.gradle/wrapper/dists/gradle-4.1-all/bzyivzo6n839fup2jbap0tjew/gradle-4.1/lib/gradle-model-groovy-4.1.jar
7f06f501e000-7f06f501f000 r--s 00002000 08:06 2703781                    /home/lidia/.gradle/wrapper/dists/gradle-4.1-all/bzyivzo6n839fup2jbap0tjew/gradle-4.1/lib/gradle-docs-4.1.jar
7f06f501f000-7f06f502c000 r--s 00083000 08:06 2703779                    /home/lidia/.gradle/wrapper/dists/gradle-4.1-all/bzyivzo6n839fup2jbap0tjew/gradle-4.1/lib/commons-collections-3.2.2.jar
7f06f502c000-7f06f509c000 r--s 00645000 08:06 2703776                    /home/lidia/.gradle/wrapper/dists/gradle-4.1-all/bzyivzo6n839fup2jbap0tjew/gradle-4.1/lib/groovy-all-2.4.11.jar
7f06f509c000-7f06f509f000 r--s 00023000 08:06 2703782                    /home/lidia/.gradle/wrapper/dists/gradle-4.1-all/bzyivzo6n839fup2jbap0tjew/gradle-4.1/lib/jansi-1.14.jar
7f06f509f000-7f06f50a0000 ---p 00000000 00:00 0 
7f06f50a0000-7f06f51a0000 rw-p 00000000 00:00 0 
7f06f51a0000-7f06f51a3000 ---p 00000000 00:00 0 
7f06f51a3000-7f06f52a1000 rw-p 00000000 00:00 0 
7f06f52a1000-7f06f52a4000 ---p 00000000 00:00 0 
7f06f52a4000-7f06f53a2000 rw-p 00000000 00:00 0 
7f06f53a2000-7f06f53a5000 ---p 00000000 00:00 0 
7f06f53a5000-7f06f54a3000 rw-p 00000000 00:00 0 
7f06f54a3000-7f06f54a6000 ---p 00000000 00:00 0 
7f06f54a6000-7f06f55a4000 rw-p 00000000 00:00 0 
7f06f55a4000-7f06f59fa000 r--p 00000000 08:06 3239007                    /usr/lib/locale/locale-archive
7f06f59fa000-7f06f59fd000 ---p 00000000 00:00 0 
7f06f59fd000-7f06f5afb000 rw-p 00000000 00:00 0 
7f06f5afb000-7f06f5afe000 ---p 00000000 00:00 0 
7f06f5afe000-7f06f5bfc000 rw-p 00000000 00:00 0 
7f06f5bfc000-7f06f5bfd000 ---p 00000000 00:00 0 
7f06f5bfd000-7f06f9000000 rw-p 00000000 00:00 0 
7f06f9000000-7f06fae30000 rwxp 00000000 00:00 0 
7f06fae30000-7f0708000000 ---p 00000000 00:00 0 
7f0708000000-7f0708cb9000 rw-p 00000000 00:00 0 
7f0708cb9000-7f070c000000 ---p 00000000 00:00 0 
7f070c000000-7f070c001000 r--s 00000000 08:06 2703778                    /home/lidia/.gradle/wrapper/dists/gradle-4.1-all/bzyivzo6n839fup2jbap0tjew/gradle-4.1/lib/javax.inject-1.jar
7f070c001000-7f070c002000 r--s 00004000 08:06 2703784                    /home/lidia/.gradle/wrapper/dists/gradle-4.1-all/bzyivzo6n839fup2jbap0tjew/gradle-4.1/lib/native-platform-freebsd-amd64-libcpp-0.14.jar
7f070c002000-7f070c003000 r--s 00004000 08:06 2703785                    /home/lidia/.gradle/wrapper/dists/gradle-4.1-all/bzyivzo6n839fup2jbap0tjew/gradle-4.1/lib/native-platform-freebsd-amd64-libstdcpp-0.14.jar
7f070c003000-7f070c004000 r--s 00004000 08:06 2703786                    /home/lidia/.gradle/wrapper/dists/gradle-4.1-all/bzyivzo6n839fup2jbap0tjew/gradle-4.1/lib/native-platform-freebsd-i386-libcpp-0.14.jar
7f070c004000-7f070c005000 r--s 00003000 08:06 2703787                    /home/lidia/.gradle/wrapper/dists/gradle-4.1-all/bzyivzo6n839fup2jbap0tjew/gradle-4.1/lib/native-platform-freebsd-i386-libstdcpp-0.14.jar
7f070c005000-7f070c006000 r--s 00002000 08:06 2703788                    /home/lidia/.gradle/wrapper/dists/gradle-4.1-all/bzyivzo6n839fup2jbap0tjew/gradle-4.1/lib/native-platform-linux-amd64-0.14.jar
7f070c006000-7f070c007000 r--s 00002000 08:06 2703789                    /home/lidia/.gradle/wrapper/dists/gradle-4.1-all/bzyivzo6n839fup2jbap0tjew/gradle-4.1/lib/native-platform-linux-i386-0.14.jar
7f070c007000-7f070c009000 r--s 00002000 08:06 2703790                    /home/lidia/.gradle/wrapper/dists/gradle-4.1-all/bzyivzo6n839fup2jbap0tjew/gradle-4.1/lib/native-platform-osx-amd64-0.14.jar
7f070c009000-7f070c00a000 r--s 00003000 08:06 2703791                    /home/lidia/.gradle/wrapper/dists/gradle-4.1-all/bzyivzo6n839fup2jbap0tjew/gradle-4.1/lib/native-platform-osx-i386-0.14.jar
7f070c00a000-7f070c00c000 r--s 0000b000 08:06 2703792                    /home/lidia/.gradle/wrapper/dists/gradle-4.1-all/bzyivzo6n839fup2jbap0tjew/gradle-4.1/lib/native-platform-windows-amd64-0.14.jar
7f070c00c000-7f070c00d000 r--s 0000b000 08:06 2703793                    /home/lidia/.gradle/wrapper/dists/gradle-4.1-all/bzyivzo6n839fup2jbap0tjew/gradle-4.1/lib/native-platform-windows-i386-0.14.jar
7f070c00d000-7f070c00e000 r--s 00001000 08:06 2703794                    /home/lidia/.gradle/wrapper/dists/gradle-4.1-all/bzyivzo6n839fup2jbap0tjew/gradle-4.1/lib/native-platform-linux-amd64-ncurses5-0.14.jar
7f070c00e000-7f070c00f000 r--s 00001000 08:06 2703795                    /home/lidia/.gradle/wrapper/dists/gradle-4.1-all/bzyivzo6n839fup2jbap0tjew/gradle-4.1/lib/native-platform-linux-amd64-ncurses6-0.14.jar
7f070c00f000-7f070c013000 r--s 00012000 08:06 2703780                    /home/lidia/.gradle/wrapper/dists/gradle-4.1-all/bzyivzo6n839fup2jbap0tjew/gradle-4.1/lib/native-platform-0.14.jar
7f070c013000-7f070c016000 r--s 0000c000 08:06 2703757                    /home/lidia/.gradle/wrapper/dists/gradle-4.1-all/bzyivzo6n839fup2jbap0tjew/gradle-4.1/lib/gradle-native-4.1.jar
7f070c016000-7f070c018000 r--s 0000f000 08:06 2703765                    /home/lidia/.gradle/wrapper/dists/gradle-4.1-all/bzyivzo6n839fup2jbap0tjew/gradle-4.1/lib/reflectasm-1.07-shaded.jar
7f070c018000-7f070c01a000 r--s 00000000 08:06 2703798                    /home/lidia/.gradle/wrapper/dists/gradle-4.1-all/bzyivzo6n839fup2jbap0tjew/gradle-4.1/lib/minlog-1.2.jar
7f070c01a000-7f070c01c000 r--s 00007000 08:06 2703799                    /home/lidia/.gradle/wrapper/dists/gradle-4.1-all/bzyivzo6n839fup2jbap0tjew/gradle-4.1/lib/objenesis-1.2.jar
7f070c01c000-7f070c020000 r--s 00026000 08:06 2703764                    /home/lidia/.gradle/wrapper/dists/gradle-4.1-all/bzyivzo6n839fup2jbap0tjew/gradle-4.1/lib/kryo-2.20.jar
7f070c020000-7f070c026000 r--s 0002b000 08:06 2703761                    /home/lidia/.gradle/wrapper/dists/gradle-4.1-all/bzyivzo6n839fup2jbap0tjew/gradle-4.1/lib/gradle-messaging-4.1.jar
7f070c026000-7f070c028000 r--s 00006000 08:06 2703755                    /home/lidia/.gradle/wrapper/dists/gradle-4.1-all/bzyivzo6n839fup2jbap0tjew/gradle-4.1/lib/gradle-process-services-4.1.jar
7f070c028000-7f070c02a000 r--s 00000000 08:06 2703753                    /home/lidia/.gradle/wrapper/dists/gradle-4.1-all/bzyivzo6n839fup2jbap0tjew/gradle-4.1/lib/gradle-jvm-services-4.1.jar
7f070c02a000-7f070c02f000 r--s 00041000 08:06 2703774                    /home/lidia/.gradle/wrapper/dists/gradle-4.1-all/bzyivzo6n839fup2jbap0tjew/gradle-4.1/lib/commons-lang-2.6.jar
7f070c02f000-7f070c057000 r--s 001cf000 08:06 2703772                    /home/lidia/.gradle/wrapper/dists/gradle-4.1-all/bzyivzo6n839fup2jbap0tjew/gradle-4.1/lib/guava-jdk5-17.0.jar
7f070c057000-7f070c076000 r--s 001d1000 08:06 2703777                    /home/lidia/.gradle/wrapper/dists/gradle-4.1-all/bzyivzo6n839fup2jbap0tjew/gradle-4.1/lib/ant-1.9.6.jar
7f070c076000-7f070c0c0000 r--s 00253000 08:06 2703752                    /home/lidia/.gradle/wrapper/dists/gradle-4.1-all/bzyivzo6n839fup2jbap0tjew/gradle-4.1/lib/gradle-core-4.1.jar
7f070c0c0000-7f070c756000 rw-p 00000000 00:00 0 
7f070c756000-7f070c926000 r--s 03c46000 08:06 1589844                    /opt/android-studio/jre/jre/lib/rt.jar
7f070c926000-7f070d49c000 rw-p 00000000 00:00 0 
7f070d49c000-7f070d49d000 ---p 00000000 00:00 0 
7f070d49d000-7f070d59d000 rw-p 00000000 00:00 0 
7f070d59d000-7f070d59e000 ---p 00000000 00:00 0 
7f070d59e000-7f070d6c1000 rw-p 00000000 00:00 0 
7f070d6c1000-7f070d89e000 ---p 00000000 00:00 0 
7f070d89e000-7f070d8c1000 rw-p 00000000 00:00 0 
7f070d8c1000-7f070da9e000 ---p 00000000 00:00 0 
7f070da9e000-7f070db29000 rw-p 00000000 00:00 0 
7f070db29000-7f070db9e000 ---p 00000000 00:00 0 
7f070db9e000-7f070dc18000 rw-p 00000000 00:00 0 
7f070dc18000-7f070df5f000 ---p 00000000 00:00 0 
7f070df5f000-7f070df79000 r-xp 00000000 08:06 1589865                    /opt/android-studio/jre/jre/lib/amd64/libzip.so
7f070df79000-7f070e179000 ---p 0001a000 08:06 1589865                    /opt/android-studio/jre/jre/lib/amd64/libzip.so
7f070e179000-7f070e17a000 r--p 0001a000 08:06 1589865                    /opt/android-studio/jre/jre/lib/amd64/libzip.so
7f070e17a000-7f070e17b000 rw-p 0001b000 08:06 1589865                    /opt/android-studio/jre/jre/lib/amd64/libzip.so
7f070e17b000-7f070e186000 r-xp 00000000 08:06 2211924                    /lib/x86_64-linux-gnu/libnss_files-2.23.so
7f070e186000-7f070e385000 ---p 0000b000 08:06 2211924                    /lib/x86_64-linux-gnu/libnss_files-2.23.so
7f070e385000-7f070e386000 r--p 0000a000 08:06 2211924                    /lib/x86_64-linux-gnu/libnss_files-2.23.so
7f070e386000-7f070e387000 rw-p 0000b000 08:06 2211924                    /lib/x86_64-linux-gnu/libnss_files-2.23.so
7f070e387000-7f070e38d000 rw-p 00000000 00:00 0 
7f070e38d000-7f070e398000 r-xp 00000000 08:06 2211927                    /lib/x86_64-linux-gnu/libnss_nis-2.23.so
7f070e398000-7f070e597000 ---p 0000b000 08:06 2211927                    /lib/x86_64-linux-gnu/libnss_nis-2.23.so
7f070e597000-7f070e598000 r--p 0000a000 08:06 2211927                    /lib/x86_64-linux-gnu/libnss_nis-2.23.so
7f070e598000-7f070e599000 rw-p 0000b000 08:06 2211927                    /lib/x86_64-linux-gnu/libnss_nis-2.23.so
7f070e599000-7f070e5af000 r-xp 00000000 08:06 2211854                    /lib/x86_64-linux-gnu/libnsl-2.23.so
7f070e5af000-7f070e7ae000 ---p 00016000 08:06 2211854                    /lib/x86_64-linux-gnu/libnsl-2.23.so
7f070e7ae000-7f070e7af000 r--p 00015000 08:06 2211854                    /lib/x86_64-linux-gnu/libnsl-2.23.so
7f070e7af000-7f070e7b0000 rw-p 00016000 08:06 2211854                    /lib/x86_64-linux-gnu/libnsl-2.23.so
7f070e7b0000-7f070e7b2000 rw-p 00000000 00:00 0 
7f070e7b2000-7f070e7ba000 r-xp 00000000 08:06 2211933                    /lib/x86_64-linux-gnu/libnss_compat-2.23.so
7f070e7ba000-7f070e9b9000 ---p 00008000 08:06 2211933                    /lib/x86_64-linux-gnu/libnss_compat-2.23.so
7f070e9b9000-7f070e9ba000 r--p 00007000 08:06 2211933                    /lib/x86_64-linux-gnu/libnss_compat-2.23.so
7f070e9ba000-7f070e9bb000 rw-p 00008000 08:06 2211933                    /lib/x86_64-linux-gnu/libnss_compat-2.23.so
7f070e9bb000-7f070e9e8000 r-xp 00000000 08:06 1589864                    /opt/android-studio/jre/jre/lib/amd64/libjava.so
7f070e9e8000-7f070ebe7000 ---p 0002d000 08:06 1589864                    /opt/android-studio/jre/jre/lib/amd64/libjava.so
7f070ebe7000-7f070ebe8000 r--p 0002c000 08:06 1589864                    /opt/android-studio/jre/jre/lib/amd64/libjava.so
7f070ebe8000-7f070ebea000 rw-p 0002d000 08:06 1589864                    /opt/android-studio/jre/jre/lib/amd64/libjava.so
7f070ebea000-7f070ebfa000 r-xp 00000000 08:06 1589870                    /opt/android-studio/jre/jre/lib/amd64/libverify.so
7f070ebfa000-7f070edf9000 ---p 00010000 08:06 1589870                    /opt/android-studio/jre/jre/lib/amd64/libverify.so
7f070edf9000-7f070edfb000 r--p 0000f000 08:06 1589870                    /opt/android-studio/jre/jre/lib/amd64/libverify.so
7f070edfb000-7f070edfc000 rw-p 00011000 08:06 1589870                    /opt/android-studio/jre/jre/lib/amd64/libverify.so
7f070edfc000-7f070ee03000 r-xp 00000000 08:06 2211929                    /lib/x86_64-linux-gnu/librt-2.23.so
7f070ee03000-7f070f002000 ---p 00007000 08:06 2211929                    /lib/x86_64-linux-gnu/librt-2.23.so
7f070f002000-7f070f003000 r--p 00006000 08:06 2211929                    /lib/x86_64-linux-gnu/librt-2.23.so
7f070f003000-7f070f004000 rw-p 00007000 08:06 2211929                    /lib/x86_64-linux-gnu/librt-2.23.so
7f070f004000-7f070f10c000 r-xp 00000000 08:06 2211938                    /lib/x86_64-linux-gnu/libm-2.23.so
7f070f10c000-7f070f30b000 ---p 00108000 08:06 2211938                    /lib/x86_64-linux-gnu/libm-2.23.so
7f070f30b000-7f070f30c000 r--p 00107000 08:06 2211938                    /lib/x86_64-linux-gnu/libm-2.23.so
7f070f30c000-7f070f30d000 rw-p 00108000 08:06 2211938                    /lib/x86_64-linux-gnu/libm-2.23.so
7f070f30d000-7f070ff05000 r-xp 00000000 08:06 1589874                    /opt/android-studio/jre/jre/lib/amd64/server/libjvm.so
7f070ff05000-7f0710105000 ---p 00bf8000 08:06 1589874                    /opt/android-studio/jre/jre/lib/amd64/server/libjvm.so
7f0710105000-7f07101a4000 r--p 00bf8000 08:06 1589874                    /opt/android-studio/jre/jre/lib/amd64/server/libjvm.so
7f07101a4000-7f07101cd000 rw-p 00c97000 08:06 1589874                    /opt/android-studio/jre/jre/lib/amd64/server/libjvm.so
7f07101cd000-7f0710211000 rw-p 00000000 00:00 0 
7f0710211000-7f0710229000 r-xp 00000000 08:06 2211926                    /lib/x86_64-linux-gnu/libpthread-2.23.so
7f0710229000-7f0710428000 ---p 00018000 08:06 2211926                    /lib/x86_64-linux-gnu/libpthread-2.23.so
7f0710428000-7f0710429000 r--p 00017000 08:06 2211926                    /lib/x86_64-linux-gnu/libpthread-2.23.so
7f0710429000-7f071042a000 rw-p 00018000 08:06 2211926                    /lib/x86_64-linux-gnu/libpthread-2.23.so
7f071042a000-7f071042e000 rw-p 00000000 00:00 0 
7f071042e000-7f0710431000 r-xp 00000000 08:06 2211932                    /lib/x86_64-linux-gnu/libdl-2.23.so
7f0710431000-7f0710630000 ---p 00003000 08:06 2211932                    /lib/x86_64-linux-gnu/libdl-2.23.so
7f0710630000-7f0710631000 r--p 00002000 08:06 2211932                    /lib/x86_64-linux-gnu/libdl-2.23.so
7f0710631000-7f0710632000 rw-p 00003000 08:06 2211932                    /lib/x86_64-linux-gnu/libdl-2.23.so
7f0710632000-7f07107f2000 r-xp 00000000 08:06 2214983                    /lib/x86_64-linux-gnu/libc-2.23.so
7f07107f2000-7f07109f2000 ---p 001c0000 08:06 2214983                    /lib/x86_64-linux-gnu/libc-2.23.so
7f07109f2000-7f07109f6000 r--p 001c0000 08:06 2214983                    /lib/x86_64-linux-gnu/libc-2.23.so
7f07109f6000-7f07109f8000 rw-p 001c4000 08:06 2214983                    /lib/x86_64-linux-gnu/libc-2.23.so
7f07109f8000-7f07109fc000 rw-p 00000000 00:00 0 
7f07109fc000-7f0710a12000 r-xp 00000000 08:06 1589813                    /opt/android-studio/jre/lib/amd64/jli/libjli.so
7f0710a12000-7f0710c11000 ---p 00016000 08:06 1589813                    /opt/android-studio/jre/lib/amd64/jli/libjli.so
7f0710c11000-7f0710c12000 r--p 00015000 08:06 1589813                    /opt/android-studio/jre/lib/amd64/jli/libjli.so
7f0710c12000-7f0710c13000 rw-p 00016000 08:06 1589813                    /opt/android-studio/jre/lib/amd64/jli/libjli.so
7f0710c13000-7f0710c39000 r-xp 00000000 08:06 2211857                    /lib/x86_64-linux-gnu/ld-2.23.so
7f0710c39000-7f0710c3a000 r--s 00001000 08:06 2703796                    /home/lidia/.gradle/wrapper/dists/gradle-4.1-all/bzyivzo6n839fup2jbap0tjew/gradle-4.1/lib/native-platform-linux-i386-ncurses5-0.14.jar
7f0710c3a000-7f0710c3d000 r--s 00006000 08:06 2703773                    /home/lidia/.gradle/wrapper/dists/gradle-4.1-all/bzyivzo6n839fup2jbap0tjew/gradle-4.1/lib/jsr305-1.3.9.jar
7f0710c3d000-7f0710c45000 r--s 000bd000 08:06 2703766                    /home/lidia/.gradle/wrapper/dists/gradle-4.1-all/bzyivzo6n839fup2jbap0tjew/gradle-4.1/lib/asm-debug-all-6.0_ALPHA.jar
7f0710c45000-7f0710c51000 r--s 00053000 08:06 2703762                    /home/lidia/.gradle/wrapper/dists/gradle-4.1-all/bzyivzo6n839fup2jbap0tjew/gradle-4.1/lib/gradle-base-services-4.1.jar
7f0710c51000-7f0710d13000 rw-p 00000000 00:00 0 
7f0710d13000-7f0710d16000 ---p 00000000 00:00 0 
7f0710d16000-7f0710e18000 rw-p 00000000 00:00 0 
7f0710e18000-7f0710e19000 r--s 00001000 08:06 2703797                    /home/lidia/.gradle/wrapper/dists/gradle-4.1-all/bzyivzo6n839fup2jbap0tjew/gradle-4.1/lib/native-platform-linux-i386-ncurses6-0.14.jar
7f0710e19000-7f0710e1a000 r--s 00000000 08:06 2703775                    /home/lidia/.gradle/wrapper/dists/gradle-4.1-all/bzyivzo6n839fup2jbap0tjew/gradle-4.1/lib/jcip-annotations-1.0.jar
7f0710e1a000-7f0710e1b000 r--s 00007000 08:06 2703771                    /home/lidia/.gradle/wrapper/dists/gradle-4.1-all/bzyivzo6n839fup2jbap0tjew/gradle-4.1/lib/slf4j-api-1.7.10.jar
7f0710e1b000-7f0710e1f000 r--s 00027000 08:06 2703767                    /home/lidia/.gradle/wrapper/dists/gradle-4.1-all/bzyivzo6n839fup2jbap0tjew/gradle-4.1/lib/commons-io-2.2.jar
7f0710e1f000-7f0710e20000 r--s 00004000 08:06 2703783                    /home/lidia/.gradle/wrapper/dists/gradle-4.1-all/bzyivzo6n839fup2jbap0tjew/gradle-4.1/lib/ant-launcher-1.9.6.jar
7f0710e20000-7f0710e2c000 r--s 0005c000 08:06 2703747                    /home/lidia/.gradle/wrapper/dists/gradle-4.1-all/bzyivzo6n839fup2jbap0tjew/gradle-4.1/lib/gradle-launcher-4.1.jar
7f0710e2c000-7f0710e34000 rw-s 00000000 08:06 1753333                    /tmp/hsperfdata_lidia/4282
7f0710e34000-7f0710e35000 rw-p 00000000 00:00 0 
7f0710e35000-7f0710e36000 ---p 00000000 00:00 0 
7f0710e36000-7f0710e38000 rw-p 00000000 00:00 0 
7f0710e38000-7f0710e39000 r--p 00025000 08:06 2211857                    /lib/x86_64-linux-gnu/ld-2.23.so
7f0710e39000-7f0710e3a000 rw-p 00026000 08:06 2211857                    /lib/x86_64-linux-gnu/ld-2.23.so
7f0710e3a000-7f0710e3b000 rw-p 00000000 00:00 0 
7ffe2ad9e000-7ffe2adc0000 rw-p 00000000 00:00 0                          [stack]
7ffe2add9000-7ffe2addb000 r--p 00000000 00:00 0                          [vvar]
7ffe2addb000-7ffe2addd000 r-xp 00000000 00:00 0                          [vdso]
ffffffffff600000-ffffffffff601000 r-xp 00000000 00:00 0                  [vsyscall]

VM Arguments:
jvm_args: -Xmx1536m -Dfile.encoding=UTF-8 -Duser.country=US -Duser.language=en -Duser.variant 
java_command: org.gradle.launcher.daemon.bootstrap.GradleDaemon 4.1
java_class_path (initial): /home/lidia/.gradle/wrapper/dists/gradle-4.1-all/bzyivzo6n839fup2jbap0tjew/gradle-4.1/lib/gradle-launcher-4.1.jar
Launcher Type: SUN_STANDARD

Environment Variables:
JAVA_HOME=/usr/lib/jvm/java-8-oracle
PATH=/home/lidia/bin:/home/lidia/.local/bin:/usr/local/sbin:/usr/local/bin:/usr/sbin:/usr/bin:/sbin:/bin:/usr/games:/usr/local/games:/snap/bin:/usr/lib/jvm/java-8-oracle/bin:/usr/lib/jvm/java-8-oracle/db/bin:/usr/lib/jvm/java-8-oracle/jre/bin
LD_LIBRARY_PATH=.:
SHELL=/bin/bash
DISPLAY=:0

Signal Handlers:
SIGSEGV: [libjvm.so+0x9ebc60], sa_mask[0]=11111111011111111101111111111110, sa_flags=SA_RESTART|SA_SIGINFO
SIGBUS: [libjvm.so+0x9ebc60], sa_mask[0]=11111111011111111101111111111110, sa_flags=SA_RESTART|SA_SIGINFO
SIGFPE: [libjvm.so+0x84cf60], sa_mask[0]=11111111011111111101111111111110, sa_flags=SA_RESTART|SA_SIGINFO
SIGPIPE: [libjvm.so+0x84cf60], sa_mask[0]=11111111011111111101111111111110, sa_flags=SA_RESTART|SA_SIGINFO
SIGXFSZ: [libjvm.so+0x84cf60], sa_mask[0]=11111111011111111101111111111110, sa_flags=SA_RESTART|SA_SIGINFO
SIGILL: [libjvm.so+0x84cf60], sa_mask[0]=11111111011111111101111111111110, sa_flags=SA_RESTART|SA_SIGINFO
SIGUSR1: SIG_DFL, sa_mask[0]=00000000000000000000000000000000, sa_flags=none
SIGUSR2: [libjvm.so+0x84ce30], sa_mask[0]=00100000000000000000000000000000, sa_flags=SA_RESTART|SA_SIGINFO
SIGHUP: [libjvm.so+0x84d020], sa_mask[0]=11111111011111111101111111111110, sa_flags=SA_RESTART|SA_SIGINFO
SIGINT: [libjvm.so+0x84d020], sa_mask[0]=11111111011111111101111111111110, sa_flags=SA_RESTART|SA_SIGINFO
SIGTERM: [libjvm.so+0x84d020], sa_mask[0]=11111111011111111101111111111110, sa_flags=SA_RESTART|SA_SIGINFO
SIGQUIT: [libjvm.so+0x84d020], sa_mask[0]=11111111011111111101111111111110, sa_flags=SA_RESTART|SA_SIGINFO


---------------  S Y S T E M  ---------------

OS:DISTRIB_ID=Ubuntu
DISTRIB_RELEASE=16.04
DISTRIB_CODENAME=xenial
DISTRIB_DESCRIPTION="Ubuntu 16.04.2 LTS"

uname:Linux 4.10.0-42-generic #46~16.04.1-Ubuntu SMP Mon Dec 4 15:57:59 UTC 2017 x86_64
libc:glibc 2.23 NPTL 2.23 
rlimit: STACK 8192k, CORE 0k, NPROC 14465, NOFILE 65536, AS infinity
load average:5,49 6,46 3,71

/proc/meminfo:
MemTotal:        3928120 kB
MemFree:          102756 kB
MemAvailable:      13584 kB
Buffers:            2544 kB
Cached:           521392 kB
SwapCached:            0 kB
Active:          3135360 kB
Inactive:         507384 kB
Active(anon):    3120432 kB
Inactive(anon):   494044 kB
Active(file):      14928 kB
Inactive(file):    13340 kB
Unevictable:          52 kB
Mlocked:              52 kB
SwapTotal:             0 kB
SwapFree:              0 kB
Dirty:               172 kB
Writeback:           520 kB
AnonPages:       3119120 kB
Mapped:           389060 kB
Shmem:            495408 kB
Slab:              70304 kB
SReclaimable:      31828 kB
SUnreclaim:        38476 kB
KernelStack:       10496 kB
PageTables:        47552 kB
NFS_Unstable:          0 kB
Bounce:                0 kB
WritebackTmp:          0 kB
CommitLimit:     1964060 kB
Committed_AS:    8411768 kB
VmallocTotal:   34359738367 kB
VmallocUsed:           0 kB
VmallocChunk:          0 kB
HardwareCorrupted:     0 kB
AnonHugePages:    921600 kB
ShmemHugePages:        0 kB
ShmemPmdMapped:        0 kB
CmaTotal:              0 kB
CmaFree:               0 kB
HugePages_Total:       0
HugePages_Free:        0
HugePages_Rsvd:        0
HugePages_Surp:        0
Hugepagesize:       2048 kB
DirectMap4k:      145488 kB
DirectMap2M:     3932160 kB


CPU:total 2 (initial active 2) (2 cores per cpu, 1 threads per core) family 6 model 58 stepping 9, cmov, cx8, fxsr, mmx, sse, sse2, sse3, ssse3, sse4.1, sse4.2, popcnt, clmul, erms, tsc, tscinvbit, tscinv

/proc/cpuinfo:
processor	: 0
vendor_id	: GenuineIntel
cpu family	: 6
model		: 58
model name	: Intel(R) Pentium(R) CPU 2117U @ 1.80GHz
stepping	: 9
microcode	: 0x15
cpu MHz		: 812.219
cache size	: 2048 KB
physical id	: 0
siblings	: 2
core id		: 0
cpu cores	: 2
apicid		: 0
initial apicid	: 0
fpu		: yes
fpu_exception	: yes
cpuid level	: 13
wp		: yes
flags		: fpu vme de pse tsc msr pae mce cx8 apic sep mtrr pge mca cmov pat pse36 clflush dts acpi mmx fxsr sse sse2 ss ht tm pbe syscall nx rdtscp lm constant_tsc arch_perfmon pebs bts rep_good nopl xtopology nonstop_tsc aperfmperf pni pclmulqdq dtes64 monitor ds_cpl vmx est tm2 ssse3 cx16 xtpr pdcm pcid sse4_1 sse4_2 x2apic popcnt tsc_deadline_timer xsave lahf_lm epb tpr_shadow vnmi flexpriority ept vpid fsgsbase smep erms xsaveopt dtherm arat pln pts
bugs		:
bogomips	: 3591.82
clflush size	: 64
cache_alignment	: 64
address sizes	: 36 bits physical, 48 bits virtual
power management:

processor	: 1
vendor_id	: GenuineIntel
cpu family	: 6
model		: 58
model name	: Intel(R) Pentium(R) CPU 2117U @ 1.80GHz
stepping	: 9
microcode	: 0x15
cpu MHz		: 977.783
cache size	: 2048 KB
physical id	: 0
siblings	: 2
core id		: 1
cpu cores	: 2
apicid		: 2
initial apicid	: 2
fpu		: yes
fpu_exception	: yes
cpuid level	: 13
wp		: yes
flags		: fpu vme de pse tsc msr pae mce cx8 apic sep mtrr pge mca cmov pat pse36 clflush dts acpi mmx fxsr sse sse2 ss ht tm pbe syscall nx rdtscp lm constant_tsc arch_perfmon pebs bts rep_good nopl xtopology nonstop_tsc aperfmperf pni pclmulqdq dtes64 monitor ds_cpl vmx est tm2 ssse3 cx16 xtpr pdcm pcid sse4_1 sse4_2 x2apic popcnt tsc_deadline_timer xsave lahf_lm epb tpr_shadow vnmi flexpriority ept vpid fsgsbase smep erms xsaveopt dtherm arat pln pts
bugs		:
bogomips	: 3591.82
clflush size	: 64
cache_alignment	: 64
address sizes	: 36 bits physical, 48 bits virtual
power management:



Memory: 4k page, physical 3928120k(102756k free), swap 0k(0k free)

vm_info: OpenJDK 64-Bit Server VM (25.152-b01) for linux-amd64 JRE (1.8.0_152-release-915-b01), built by "builder" with gcc 4.8.4

time: Sun Jan  7 12:54:18 2018
elapsed time: 109 seconds (0d 0h 1m 49s)

